This file contains any messages produced by compilers while
running configure, to aid debugging if configure makes a mistake.

It was created by ccfinderx configure 10.2.8, which was
generated by GNU Autoconf 2.69.  Invocation command line was

  $ ../configure 

## --------- ##
## Platform. ##
## --------- ##

hostname = ct4ew
uname -m = x86_64
uname -r = 3.13.0-66-generic
uname -s = Linux
uname -v = #108-Ubuntu SMP Wed Oct 7 15:20:27 UTC 2015

/usr/bin/uname -p = unknown
/bin/uname -X     = unknown

/bin/arch              = unknown
/usr/bin/arch -k       = unknown
/usr/convex/getsysinfo = unknown
/usr/bin/hostinfo      = unknown
/bin/machine           = unknown
/usr/bin/oslevel       = unknown
/bin/universe          = unknown

PATH: /home/ct4ew/local/bin
PATH: /home/ct4ew/local/bin
PATH: /home/cs1/.nvm/versions/node/v0.12.6/bin
PATH: /usr/share/emacs/bin
PATH: /home/ct4ew/System/idris-build/.cabal-sandbox/bin
PATH: /home/ct4ew/.cabal/bin
PATH: /opt/cabal/1.20/bin
PATH: /opt/ghc/7.8.4/bin
PATH: /home/ct4ew/.npm-global/bin
PATH: /home/ct4ew/.rvm/gems/ruby-2.2.1/bin
PATH: /home/ct4ew/.rvm/gems/ruby-2.2.1@global/bin
PATH: /home/ct4ew/.rvm/rubies/ruby-2.2.1/bin
PATH: /usr/local/texlive/2015/bin/x86_64-linux
PATH: /usr/local/sbin
PATH: /usr/local/bin
PATH: /usr/sbin
PATH: /usr/bin
PATH: /sbin
PATH: /bin
PATH: /usr/games
PATH: /usr/local/games
PATH: /home/ct4ew/.rvm/bin
PATH: /home/ct4ew/.rvm/bin


## ----------- ##
## Core tests. ##
## ----------- ##

configure:2573: checking for a BSD-compatible install
configure:2641: result: /usr/bin/install -c
configure:2652: checking whether build environment is sane
configure:2707: result: yes
configure:2858: checking for a thread-safe mkdir -p
configure:2897: result: /bin/mkdir -p
configure:2904: checking for gawk
configure:2920: found /usr/bin/gawk
configure:2931: result: gawk
configure:2942: checking whether make sets $(MAKE)
configure:2964: result: yes
configure:2993: checking whether make supports nested variables
configure:3010: result: yes
configure:3089: checking how to create a pax tar archive
configure:3100: tar --version
tar (GNU tar) 1.27.1
Copyright (C) 2013 Free Software Foundation, Inc.
License GPLv3+: GNU GPL version 3 or later <http://gnu.org/licenses/gpl.html>.
This is free software: you are free to change and redistribute it.
There is NO WARRANTY, to the extent permitted by law.

Written by John Gilmore and Jay Fenlason.
configure:3103: $? = 0
configure:3143: tardir=conftest.dir && eval tar --format=posix -chf - "$tardir" >conftest.tar
configure:3146: $? = 0
configure:3150: tar -xf - <conftest.tar
configure:3153: $? = 0
configure:3155: cat conftest.dir/file
GrepMe
configure:3158: $? = 0
configure:3171: result: gnutar
configure:3283: checking for g++
configure:3299: found /usr/bin/g++
configure:3310: result: g++
configure:3337: checking for C++ compiler version
configure:3346: g++ --version >&5
g++ (Ubuntu 4.8.4-2ubuntu1~14.04) 4.8.4
Copyright (C) 2013 Free Software Foundation, Inc.
This is free software; see the source for copying conditions.  There is NO
warranty; not even for MERCHANTABILITY or FITNESS FOR A PARTICULAR PURPOSE.

configure:3357: $? = 0
configure:3346: g++ -v >&5
Using built-in specs.
COLLECT_GCC=g++
COLLECT_LTO_WRAPPER=/usr/lib/gcc/x86_64-linux-gnu/4.8/lto-wrapper
Target: x86_64-linux-gnu
Configured with: ../src/configure -v --with-pkgversion='Ubuntu 4.8.4-2ubuntu1~14.04' --with-bugurl=file:///usr/share/doc/gcc-4.8/README.Bugs --enable-languages=c,c++,java,go,d,fortran,objc,obj-c++ --prefix=/usr --program-suffix=-4.8 --enable-shared --enable-linker-build-id --libexecdir=/usr/lib --without-included-gettext --enable-threads=posix --with-gxx-include-dir=/usr/include/c++/4.8 --libdir=/usr/lib --enable-nls --with-sysroot=/ --enable-clocale=gnu --enable-libstdcxx-debug --enable-libstdcxx-time=yes --enable-gnu-unique-object --disable-libmudflap --enable-plugin --with-system-zlib --disable-browser-plugin --enable-java-awt=gtk --enable-gtk-cairo --with-java-home=/usr/lib/jvm/java-1.5.0-gcj-4.8-amd64/jre --enable-java-home --with-jvm-root-dir=/usr/lib/jvm/java-1.5.0-gcj-4.8-amd64 --with-jvm-jar-dir=/usr/lib/jvm-exports/java-1.5.0-gcj-4.8-amd64 --with-arch-directory=amd64 --with-ecj-jar=/usr/share/java/eclipse-ecj.jar --enable-objc-gc --enable-multiarch --disable-werror --with-arch-32=i686 --with-abi=m64 --with-multilib-list=m32,m64,mx32 --with-tune=generic --enable-checking=release --build=x86_64-linux-gnu --host=x86_64-linux-gnu --target=x86_64-linux-gnu
Thread model: posix
gcc version 4.8.4 (Ubuntu 4.8.4-2ubuntu1~14.04) 
configure:3357: $? = 0
configure:3346: g++ -V >&5
g++: error: unrecognized command line option '-V'
g++: fatal error: no input files
compilation terminated.
configure:3357: $? = 4
configure:3346: g++ -qversion >&5
g++: error: unrecognized command line option '-qversion'
g++: fatal error: no input files
compilation terminated.
configure:3357: $? = 4
configure:3377: checking whether the C++ compiler works
configure:3399: g++    conftest.cpp  >&5
configure:3403: $? = 0
configure:3451: result: yes
configure:3454: checking for C++ compiler default output file name
configure:3456: result: a.out
configure:3462: checking for suffix of executables
configure:3469: g++ -o conftest    conftest.cpp  >&5
configure:3473: $? = 0
configure:3495: result: 
configure:3517: checking whether we are cross compiling
configure:3525: g++ -o conftest    conftest.cpp  >&5
configure:3529: $? = 0
configure:3536: ./conftest
configure:3540: $? = 0
configure:3555: result: no
configure:3560: checking for suffix of object files
configure:3582: g++ -c   conftest.cpp >&5
configure:3586: $? = 0
configure:3607: result: o
configure:3611: checking whether we are using the GNU C++ compiler
configure:3630: g++ -c   conftest.cpp >&5
configure:3630: $? = 0
configure:3639: result: yes
configure:3648: checking whether g++ accepts -g
configure:3668: g++ -c -g  conftest.cpp >&5
configure:3668: $? = 0
configure:3709: result: yes
configure:3743: checking for style of include used by make
configure:3771: result: GNU
configure:3797: checking dependency style of g++
configure:3908: result: gcc3
configure:3971: checking for gcc
configure:3987: found /usr/bin/gcc
configure:3998: result: gcc
configure:4227: checking for C compiler version
configure:4236: gcc --version >&5
gcc (Ubuntu 4.8.4-2ubuntu1~14.04) 4.8.4
Copyright (C) 2013 Free Software Foundation, Inc.
This is free software; see the source for copying conditions.  There is NO
warranty; not even for MERCHANTABILITY or FITNESS FOR A PARTICULAR PURPOSE.

configure:4247: $? = 0
configure:4236: gcc -v >&5
Using built-in specs.
COLLECT_GCC=gcc
COLLECT_LTO_WRAPPER=/usr/lib/gcc/x86_64-linux-gnu/4.8/lto-wrapper
Target: x86_64-linux-gnu
Configured with: ../src/configure -v --with-pkgversion='Ubuntu 4.8.4-2ubuntu1~14.04' --with-bugurl=file:///usr/share/doc/gcc-4.8/README.Bugs --enable-languages=c,c++,java,go,d,fortran,objc,obj-c++ --prefix=/usr --program-suffix=-4.8 --enable-shared --enable-linker-build-id --libexecdir=/usr/lib --without-included-gettext --enable-threads=posix --with-gxx-include-dir=/usr/include/c++/4.8 --libdir=/usr/lib --enable-nls --with-sysroot=/ --enable-clocale=gnu --enable-libstdcxx-debug --enable-libstdcxx-time=yes --enable-gnu-unique-object --disable-libmudflap --enable-plugin --with-system-zlib --disable-browser-plugin --enable-java-awt=gtk --enable-gtk-cairo --with-java-home=/usr/lib/jvm/java-1.5.0-gcj-4.8-amd64/jre --enable-java-home --with-jvm-root-dir=/usr/lib/jvm/java-1.5.0-gcj-4.8-amd64 --with-jvm-jar-dir=/usr/lib/jvm-exports/java-1.5.0-gcj-4.8-amd64 --with-arch-directory=amd64 --with-ecj-jar=/usr/share/java/eclipse-ecj.jar --enable-objc-gc --enable-multiarch --disable-werror --with-arch-32=i686 --with-abi=m64 --with-multilib-list=m32,m64,mx32 --with-tune=generic --enable-checking=release --build=x86_64-linux-gnu --host=x86_64-linux-gnu --target=x86_64-linux-gnu
Thread model: posix
gcc version 4.8.4 (Ubuntu 4.8.4-2ubuntu1~14.04) 
configure:4247: $? = 0
configure:4236: gcc -V >&5
gcc: error: unrecognized command line option '-V'
gcc: fatal error: no input files
compilation terminated.
configure:4247: $? = 4
configure:4236: gcc -qversion >&5
gcc: error: unrecognized command line option '-qversion'
gcc: fatal error: no input files
compilation terminated.
configure:4247: $? = 4
configure:4251: checking whether we are using the GNU C compiler
configure:4270: gcc -c   conftest.c >&5
configure:4270: $? = 0
configure:4279: result: yes
configure:4288: checking whether gcc accepts -g
configure:4308: gcc -c -g  conftest.c >&5
configure:4308: $? = 0
configure:4349: result: yes
configure:4366: checking for gcc option to accept ISO C89
configure:4429: gcc  -c -g -O2  conftest.c >&5
configure:4429: $? = 0
configure:4442: result: none needed
configure:4467: checking whether gcc understands -c and -o together
configure:4489: gcc -c conftest.c -o conftest2.o
configure:4492: $? = 0
configure:4489: gcc -c conftest.c -o conftest2.o
configure:4492: $? = 0
configure:4504: result: yes
configure:4523: checking dependency style of gcc
configure:4634: result: gcc3
configure:4655: checking for gawk
configure:4682: result: gawk
configure:4693: checking for a sed that does not truncate output
configure:4757: result: /bin/sed
configure:4771: checking for gcc option to support OpenMP
configure:4786: gcc -o conftest -g -O2   conftest.c  >&5
conftest.c:13:2: error: unknown type name 'choke'
  choke me
  ^
In file included from conftest.c:15:0:
/usr/lib/gcc/x86_64-linux-gnu/4.8/include/omp.h:34:1: error: expected '=', ',', ';', 'asm' or '__attribute__' before 'typedef'
 typedef struct
 ^
configure:4786: $? = 1
configure: failed program was:
| /* confdefs.h */
| #define PACKAGE_NAME "ccfinderx"
| #define PACKAGE_TARNAME "ccfinderx"
| #define PACKAGE_VERSION "10.2.8"
| #define PACKAGE_STRING "ccfinderx 10.2.8"
| #define PACKAGE_BUGREPORT "radekg1000@gmail.com"
| #define PACKAGE_URL ""
| #define PACKAGE "ccfinderx"
| #define VERSION "10.2.8"
| /* end confdefs.h.  */
| 
| #ifndef _OPENMP
|  choke me
| #endif
| #include <omp.h>
| int main () { return omp_get_num_threads (); }
| 
configure:4804: gcc -o conftest -g -O2 -fopenmp   conftest.c  >&5
configure:4804: $? = 0
configure:4818: result: -fopenmp
configure:4878: checking for ar
configure:4894: found /usr/bin/ar
configure:4905: result: ar
configure:4931: checking the archiver (ar) interface
configure:4947: gcc -c -g -O2  conftest.c >&5
configure:4947: $? = 0
configure:4949: ar cru libconftest.a conftest.o >&5
configure:4952: $? = 0
configure:4980: result: ar
configure:5002: checking whether C compiler accepts -std=c++0x
configure:5021: gcc -c -g -O2  -std=c++0x  conftest.c >&5
cc1: warning: command line option '-std=c++11' is valid for C++/ObjC++ but not for C [enabled by default]
configure:5021: $? = 0
configure:5029: result: yes
configure:5130: checking build system type
configure:5144: result: x86_64-unknown-linux-gnu
configure:5164: checking host system type
configure:5177: result: x86_64-unknown-linux-gnu
configure:5218: checking how to print strings
configure:5245: result: printf
configure:5266: checking for a sed that does not truncate output
configure:5330: result: /bin/sed
configure:5348: checking for grep that handles long lines and -e
configure:5406: result: /bin/grep
configure:5411: checking for egrep
configure:5473: result: /bin/grep -E
configure:5478: checking for fgrep
configure:5540: result: /bin/grep -F
configure:5575: checking for ld used by gcc
configure:5642: result: /usr/bin/ld
configure:5649: checking if the linker (/usr/bin/ld) is GNU ld
configure:5664: result: yes
configure:5676: checking for BSD- or MS-compatible name lister (nm)
configure:5725: result: /usr/bin/nm -B
configure:5855: checking the name lister (/usr/bin/nm -B) interface
configure:5862: gcc -c -g -O2  conftest.c >&5
configure:5865: /usr/bin/nm -B "conftest.o"
configure:5868: output
0000000000000000 B some_variable
configure:5875: result: BSD nm
configure:5878: checking whether ln -s works
configure:5882: result: yes
configure:5890: checking the maximum length of command line arguments
configure:6021: result: 1572864
configure:6038: checking whether the shell understands some XSI constructs
configure:6048: result: yes
configure:6052: checking whether the shell understands "+="
configure:6058: result: yes
configure:6093: checking how to convert x86_64-unknown-linux-gnu file names to x86_64-unknown-linux-gnu format
configure:6133: result: func_convert_file_noop
configure:6140: checking how to convert x86_64-unknown-linux-gnu file names to toolchain format
configure:6160: result: func_convert_file_noop
configure:6167: checking for /usr/bin/ld option to reload object files
configure:6174: result: -r
configure:6248: checking for objdump
configure:6264: found /usr/bin/objdump
configure:6275: result: objdump
configure:6307: checking how to recognize dependent libraries
configure:6505: result: pass_all
configure:6590: checking for dlltool
configure:6620: result: no
configure:6650: checking how to associate runtime and link libraries
configure:6677: result: printf %s\n
configure:6801: checking for archiver @FILE support
configure:6818: gcc -c -g -O2  conftest.c >&5
configure:6818: $? = 0
configure:6821: ar cru libconftest.a @conftest.lst >&5
configure:6824: $? = 0
configure:6829: ar cru libconftest.a @conftest.lst >&5
ar: conftest.o: No such file or directory
configure:6832: $? = 1
configure:6844: result: @
configure:6902: checking for strip
configure:6918: found /usr/bin/strip
configure:6929: result: strip
configure:7001: checking for ranlib
configure:7017: found /usr/bin/ranlib
configure:7028: result: ranlib
configure:7130: checking command to parse /usr/bin/nm -B output from gcc object
configure:7250: gcc -c -g -O2  conftest.c >&5
configure:7253: $? = 0
configure:7257: /usr/bin/nm -B conftest.o \| sed -n -e 's/^.*[ ]\([ABCDGIRSTW][ABCDGIRSTW]*\)[ ][ ]*\([_A-Za-z][_A-Za-z0-9]*\)$/\1 \2 \2/p' | sed '/ __gnu_lto/d' \> conftest.nm
configure:7260: $? = 0
configure:7326: gcc -o conftest -g -O2   conftest.c conftstm.o >&5
configure:7329: $? = 0
configure:7367: result: ok
configure:7404: checking for sysroot
configure:7434: result: no
configure:7511: gcc -c -g -O2  conftest.c >&5
configure:7514: $? = 0
configure:7703: checking for mt
configure:7719: found /bin/mt
configure:7730: result: mt
configure:7753: checking if mt is a manifest tool
configure:7759: mt '-?'
configure:7767: result: no
configure:8409: checking how to run the C preprocessor
configure:8440: gcc -E  conftest.c
configure:8440: $? = 0
configure:8454: gcc -E  conftest.c
conftest.c:11:28: fatal error: ac_nonexistent.h: No such file or directory
 #include <ac_nonexistent.h>
                            ^
compilation terminated.
configure:8454: $? = 1
configure: failed program was:
| /* confdefs.h */
| #define PACKAGE_NAME "ccfinderx"
| #define PACKAGE_TARNAME "ccfinderx"
| #define PACKAGE_VERSION "10.2.8"
| #define PACKAGE_STRING "ccfinderx 10.2.8"
| #define PACKAGE_BUGREPORT "radekg1000@gmail.com"
| #define PACKAGE_URL ""
| #define PACKAGE "ccfinderx"
| #define VERSION "10.2.8"
| /* end confdefs.h.  */
| #include <ac_nonexistent.h>
configure:8479: result: gcc -E
configure:8499: gcc -E  conftest.c
configure:8499: $? = 0
configure:8513: gcc -E  conftest.c
conftest.c:11:28: fatal error: ac_nonexistent.h: No such file or directory
 #include <ac_nonexistent.h>
                            ^
compilation terminated.
configure:8513: $? = 1
configure: failed program was:
| /* confdefs.h */
| #define PACKAGE_NAME "ccfinderx"
| #define PACKAGE_TARNAME "ccfinderx"
| #define PACKAGE_VERSION "10.2.8"
| #define PACKAGE_STRING "ccfinderx 10.2.8"
| #define PACKAGE_BUGREPORT "radekg1000@gmail.com"
| #define PACKAGE_URL ""
| #define PACKAGE "ccfinderx"
| #define VERSION "10.2.8"
| /* end confdefs.h.  */
| #include <ac_nonexistent.h>
configure:8542: checking for ANSI C header files
configure:8562: gcc -c -g -O2  conftest.c >&5
configure:8562: $? = 0
configure:8635: gcc -o conftest -g -O2   conftest.c  >&5
configure:8635: $? = 0
configure:8635: ./conftest
configure:8635: $? = 0
configure:8646: result: yes
configure:8659: checking for sys/types.h
configure:8659: gcc -c -g -O2  conftest.c >&5
configure:8659: $? = 0
configure:8659: result: yes
configure:8659: checking for sys/stat.h
configure:8659: gcc -c -g -O2  conftest.c >&5
configure:8659: $? = 0
configure:8659: result: yes
configure:8659: checking for stdlib.h
configure:8659: gcc -c -g -O2  conftest.c >&5
configure:8659: $? = 0
configure:8659: result: yes
configure:8659: checking for string.h
configure:8659: gcc -c -g -O2  conftest.c >&5
configure:8659: $? = 0
configure:8659: result: yes
configure:8659: checking for memory.h
configure:8659: gcc -c -g -O2  conftest.c >&5
configure:8659: $? = 0
configure:8659: result: yes
configure:8659: checking for strings.h
configure:8659: gcc -c -g -O2  conftest.c >&5
configure:8659: $? = 0
configure:8659: result: yes
configure:8659: checking for inttypes.h
configure:8659: gcc -c -g -O2  conftest.c >&5
configure:8659: $? = 0
configure:8659: result: yes
configure:8659: checking for stdint.h
configure:8659: gcc -c -g -O2  conftest.c >&5
configure:8659: $? = 0
configure:8659: result: yes
configure:8659: checking for unistd.h
configure:8659: gcc -c -g -O2  conftest.c >&5
configure:8659: $? = 0
configure:8659: result: yes
configure:8673: checking for dlfcn.h
configure:8673: gcc -c -g -O2  conftest.c >&5
configure:8673: $? = 0
configure:8673: result: yes
configure:8830: checking for objdir
configure:8845: result: .libs
configure:9116: checking if gcc supports -fno-rtti -fno-exceptions
configure:9134: gcc -c -g -O2  -fno-rtti -fno-exceptions conftest.c >&5
cc1: warning: command line option '-fno-rtti' is valid for C++/ObjC++ but not for C [enabled by default]
configure:9138: $? = 0
configure:9151: result: no
configure:9478: checking for gcc option to produce PIC
configure:9485: result: -fPIC -DPIC
configure:9493: checking if gcc PIC flag -fPIC -DPIC works
configure:9511: gcc -c -g -O2  -fPIC -DPIC -DPIC conftest.c >&5
configure:9515: $? = 0
configure:9528: result: yes
configure:9557: checking if gcc static flag -static works
configure:9585: result: yes
configure:9600: checking if gcc supports -c -o file.o
configure:9621: gcc -c -g -O2  -o out/conftest2.o conftest.c >&5
configure:9625: $? = 0
configure:9647: result: yes
configure:9655: checking if gcc supports -c -o file.o
configure:9702: result: yes
configure:9735: checking whether the gcc linker (/usr/bin/ld -m elf_x86_64) supports shared libraries
configure:10892: result: yes
configure:10929: checking whether -lc should be explicitly linked in
configure:10937: gcc -c -g -O2  conftest.c >&5
configure:10940: $? = 0
configure:10955: gcc -shared  -fPIC -DPIC conftest.o  -v -Wl,-soname -Wl,conftest -o conftest 2\>\&1 \| /bin/grep  -lc  \>/dev/null 2\>\&1
configure:10958: $? = 0
configure:10972: result: no
configure:11132: checking dynamic linker characteristics
configure:11632: gcc -o conftest -g -O2   -Wl,-rpath -Wl,/foo conftest.c  >&5
configure:11632: $? = 0
configure:11866: result: GNU/Linux ld.so
configure:11973: checking how to hardcode library paths into programs
configure:11998: result: immediate
configure:12538: checking whether stripping libraries is possible
configure:12543: result: yes
configure:12578: checking if libtool supports shared libraries
configure:12580: result: yes
configure:12583: checking whether to build shared libraries
configure:12604: result: yes
configure:12607: checking whether to build static libraries
configure:12611: result: no
configure:12634: checking how to run the C++ preprocessor
configure:12661: g++ -E  conftest.cpp
configure:12661: $? = 0
configure:12675: g++ -E  conftest.cpp
conftest.cpp:23:28: fatal error: ac_nonexistent.h: No such file or directory
 #include <ac_nonexistent.h>
                            ^
compilation terminated.
configure:12675: $? = 1
configure: failed program was:
| /* confdefs.h */
| #define PACKAGE_NAME "ccfinderx"
| #define PACKAGE_TARNAME "ccfinderx"
| #define PACKAGE_VERSION "10.2.8"
| #define PACKAGE_STRING "ccfinderx 10.2.8"
| #define PACKAGE_BUGREPORT "radekg1000@gmail.com"
| #define PACKAGE_URL ""
| #define PACKAGE "ccfinderx"
| #define VERSION "10.2.8"
| #define STDC_HEADERS 1
| #define HAVE_SYS_TYPES_H 1
| #define HAVE_SYS_STAT_H 1
| #define HAVE_STDLIB_H 1
| #define HAVE_STRING_H 1
| #define HAVE_MEMORY_H 1
| #define HAVE_STRINGS_H 1
| #define HAVE_INTTYPES_H 1
| #define HAVE_STDINT_H 1
| #define HAVE_UNISTD_H 1
| #define HAVE_DLFCN_H 1
| #define LT_OBJDIR ".libs/"
| /* end confdefs.h.  */
| #include <ac_nonexistent.h>
configure:12700: result: g++ -E
configure:12720: g++ -E  conftest.cpp
configure:12720: $? = 0
configure:12734: g++ -E  conftest.cpp
conftest.cpp:23:28: fatal error: ac_nonexistent.h: No such file or directory
 #include <ac_nonexistent.h>
                            ^
compilation terminated.
configure:12734: $? = 1
configure: failed program was:
| /* confdefs.h */
| #define PACKAGE_NAME "ccfinderx"
| #define PACKAGE_TARNAME "ccfinderx"
| #define PACKAGE_VERSION "10.2.8"
| #define PACKAGE_STRING "ccfinderx 10.2.8"
| #define PACKAGE_BUGREPORT "radekg1000@gmail.com"
| #define PACKAGE_URL ""
| #define PACKAGE "ccfinderx"
| #define VERSION "10.2.8"
| #define STDC_HEADERS 1
| #define HAVE_SYS_TYPES_H 1
| #define HAVE_SYS_STAT_H 1
| #define HAVE_STDLIB_H 1
| #define HAVE_STRING_H 1
| #define HAVE_MEMORY_H 1
| #define HAVE_STRINGS_H 1
| #define HAVE_INTTYPES_H 1
| #define HAVE_STDINT_H 1
| #define HAVE_UNISTD_H 1
| #define HAVE_DLFCN_H 1
| #define LT_OBJDIR ".libs/"
| /* end confdefs.h.  */
| #include <ac_nonexistent.h>
configure:12903: checking for ld used by g++
configure:12970: result: /usr/bin/ld -m elf_x86_64
configure:12977: checking if the linker (/usr/bin/ld -m elf_x86_64) is GNU ld
configure:12992: result: yes
configure:13047: checking whether the g++ linker (/usr/bin/ld -m elf_x86_64) supports shared libraries
configure:14049: result: yes
configure:14085: g++ -c -g -O2 -std=c++0x -DSTD_CPP_0X  conftest.cpp >&5
configure:14088: $? = 0
configure:14608: checking for g++ option to produce PIC
configure:14615: result: -fPIC -DPIC
configure:14623: checking if g++ PIC flag -fPIC -DPIC works
configure:14641: g++ -c -g -O2 -std=c++0x -DSTD_CPP_0X  -fPIC -DPIC -DPIC conftest.cpp >&5
configure:14645: $? = 0
configure:14658: result: yes
configure:14681: checking if g++ static flag -static works
configure:14709: result: yes
configure:14721: checking if g++ supports -c -o file.o
configure:14742: g++ -c -g -O2 -std=c++0x -DSTD_CPP_0X  -o out/conftest2.o conftest.cpp >&5
configure:14746: $? = 0
configure:14768: result: yes
configure:14773: checking if g++ supports -c -o file.o
configure:14820: result: yes
configure:14850: checking whether the g++ linker (/usr/bin/ld -m elf_x86_64) supports shared libraries
configure:14889: result: yes
configure:15030: checking dynamic linker characteristics
configure:15698: result: GNU/Linux ld.so
configure:15751: checking how to hardcode library paths into programs
configure:15776: result: immediate
configure:15843: checking for omp_get_num_threads in -lgomp
configure:15868: gcc -o conftest -g -O2   conftest.c -lgomp   >&5
configure:15868: $? = 0
configure:15877: result: yes
configure:15890: checking for ANSI C header files
configure:15994: result: yes
configure:16002: checking for sys/wait.h that is POSIX.1 compatible
configure:16028: gcc -c -g -O2  conftest.c >&5
configure:16028: $? = 0
configure:16035: result: yes
configure:16046: checking stddef.h usability
configure:16046: gcc -c -g -O2  conftest.c >&5
configure:16046: $? = 0
configure:16046: result: yes
configure:16046: checking stddef.h presence
configure:16046: gcc -E  conftest.c
configure:16046: $? = 0
configure:16046: result: yes
configure:16046: checking for stddef.h
configure:16046: result: yes
configure:16046: checking for stdlib.h
configure:16046: result: yes
configure:16046: checking for string.h
configure:16046: result: yes
configure:16046: checking for strings.h
configure:16046: result: yes
configure:16046: checking for unistd.h
configure:16046: result: yes
configure:16058: checking for stdbool.h that conforms to C99
configure:16125: gcc -c -g -O2  conftest.c >&5
configure:16125: $? = 0
configure:16132: result: yes
configure:16134: checking for _Bool
configure:16134: gcc -c -g -O2  conftest.c >&5
configure:16134: $? = 0
configure:16134: gcc -c -g -O2  conftest.c >&5
conftest.c: In function 'main':
conftest.c:67:20: error: expected expression before ')' token
 if (sizeof ((_Bool)))
                    ^
configure:16134: $? = 1
configure: failed program was:
| /* confdefs.h */
| #define PACKAGE_NAME "ccfinderx"
| #define PACKAGE_TARNAME "ccfinderx"
| #define PACKAGE_VERSION "10.2.8"
| #define PACKAGE_STRING "ccfinderx 10.2.8"
| #define PACKAGE_BUGREPORT "radekg1000@gmail.com"
| #define PACKAGE_URL ""
| #define PACKAGE "ccfinderx"
| #define VERSION "10.2.8"
| #define STDC_HEADERS 1
| #define HAVE_SYS_TYPES_H 1
| #define HAVE_SYS_STAT_H 1
| #define HAVE_STDLIB_H 1
| #define HAVE_STRING_H 1
| #define HAVE_MEMORY_H 1
| #define HAVE_STRINGS_H 1
| #define HAVE_INTTYPES_H 1
| #define HAVE_STDINT_H 1
| #define HAVE_UNISTD_H 1
| #define HAVE_DLFCN_H 1
| #define LT_OBJDIR ".libs/"
| #define HAVE_LIBGOMP 1
| #define STDC_HEADERS 1
| #define HAVE_SYS_WAIT_H 1
| #define HAVE_STDDEF_H 1
| #define HAVE_STDLIB_H 1
| #define HAVE_STRING_H 1
| #define HAVE_STRINGS_H 1
| #define HAVE_UNISTD_H 1
| /* end confdefs.h.  */
| #include <stdio.h>
| #ifdef HAVE_SYS_TYPES_H
| # include <sys/types.h>
| #endif
| #ifdef HAVE_SYS_STAT_H
| # include <sys/stat.h>
| #endif
| #ifdef STDC_HEADERS
| # include <stdlib.h>
| # include <stddef.h>
| #else
| # ifdef HAVE_STDLIB_H
| #  include <stdlib.h>
| # endif
| #endif
| #ifdef HAVE_STRING_H
| # if !defined STDC_HEADERS && defined HAVE_MEMORY_H
| #  include <memory.h>
| # endif
| # include <string.h>
| #endif
| #ifdef HAVE_STRINGS_H
| # include <strings.h>
| #endif
| #ifdef HAVE_INTTYPES_H
| # include <inttypes.h>
| #endif
| #ifdef HAVE_STDINT_H
| # include <stdint.h>
| #endif
| #ifdef HAVE_UNISTD_H
| # include <unistd.h>
| #endif
| int
| main ()
| {
| if (sizeof ((_Bool)))
| 	    return 0;
|   ;
|   return 0;
| }
configure:16134: result: yes
configure:16151: checking for an ANSI C-conforming const
configure:16217: gcc -c -g -O2  conftest.c >&5
configure:16217: $? = 0
configure:16224: result: yes
configure:16232: checking for inline
configure:16248: gcc -c -g -O2  conftest.c >&5
configure:16248: $? = 0
configure:16256: result: inline
configure:16274: checking for C/C++ restrict keyword
configure:16299: gcc -c -g -O2  conftest.c >&5
configure:16299: $? = 0
configure:16307: result: __restrict
configure:16320: checking for size_t
configure:16320: gcc -c -g -O2  conftest.c >&5
configure:16320: $? = 0
configure:16320: gcc -c -g -O2  conftest.c >&5
conftest.c: In function 'main':
conftest.c:70:21: error: expected expression before ')' token
 if (sizeof ((size_t)))
                     ^
configure:16320: $? = 1
configure: failed program was:
| /* confdefs.h */
| #define PACKAGE_NAME "ccfinderx"
| #define PACKAGE_TARNAME "ccfinderx"
| #define PACKAGE_VERSION "10.2.8"
| #define PACKAGE_STRING "ccfinderx 10.2.8"
| #define PACKAGE_BUGREPORT "radekg1000@gmail.com"
| #define PACKAGE_URL ""
| #define PACKAGE "ccfinderx"
| #define VERSION "10.2.8"
| #define STDC_HEADERS 1
| #define HAVE_SYS_TYPES_H 1
| #define HAVE_SYS_STAT_H 1
| #define HAVE_STDLIB_H 1
| #define HAVE_STRING_H 1
| #define HAVE_MEMORY_H 1
| #define HAVE_STRINGS_H 1
| #define HAVE_INTTYPES_H 1
| #define HAVE_STDINT_H 1
| #define HAVE_UNISTD_H 1
| #define HAVE_DLFCN_H 1
| #define LT_OBJDIR ".libs/"
| #define HAVE_LIBGOMP 1
| #define STDC_HEADERS 1
| #define HAVE_SYS_WAIT_H 1
| #define HAVE_STDDEF_H 1
| #define HAVE_STDLIB_H 1
| #define HAVE_STRING_H 1
| #define HAVE_STRINGS_H 1
| #define HAVE_UNISTD_H 1
| #define HAVE__BOOL 1
| #define HAVE_STDBOOL_H 1
| #define restrict __restrict
| /* end confdefs.h.  */
| #include <stdio.h>
| #ifdef HAVE_SYS_TYPES_H
| # include <sys/types.h>
| #endif
| #ifdef HAVE_SYS_STAT_H
| # include <sys/stat.h>
| #endif
| #ifdef STDC_HEADERS
| # include <stdlib.h>
| # include <stddef.h>
| #else
| # ifdef HAVE_STDLIB_H
| #  include <stdlib.h>
| # endif
| #endif
| #ifdef HAVE_STRING_H
| # if !defined STDC_HEADERS && defined HAVE_MEMORY_H
| #  include <memory.h>
| # endif
| # include <string.h>
| #endif
| #ifdef HAVE_STRINGS_H
| # include <strings.h>
| #endif
| #ifdef HAVE_INTTYPES_H
| # include <inttypes.h>
| #endif
| #ifdef HAVE_STDINT_H
| # include <stdint.h>
| #endif
| #ifdef HAVE_UNISTD_H
| # include <unistd.h>
| #endif
| int
| main ()
| {
| if (sizeof ((size_t)))
| 	    return 0;
|   ;
|   return 0;
| }
configure:16320: result: yes
configure:16331: checking for working volatile
configure:16350: gcc -c -g -O2  conftest.c >&5
configure:16350: $? = 0
configure:16357: result: yes
configure:16365: checking for ptrdiff_t
configure:16365: gcc -c -g -O2  conftest.c >&5
configure:16365: $? = 0
configure:16365: gcc -c -g -O2  conftest.c >&5
conftest.c: In function 'main':
conftest.c:70:24: error: expected expression before ')' token
 if (sizeof ((ptrdiff_t)))
                        ^
configure:16365: $? = 1
configure: failed program was:
| /* confdefs.h */
| #define PACKAGE_NAME "ccfinderx"
| #define PACKAGE_TARNAME "ccfinderx"
| #define PACKAGE_VERSION "10.2.8"
| #define PACKAGE_STRING "ccfinderx 10.2.8"
| #define PACKAGE_BUGREPORT "radekg1000@gmail.com"
| #define PACKAGE_URL ""
| #define PACKAGE "ccfinderx"
| #define VERSION "10.2.8"
| #define STDC_HEADERS 1
| #define HAVE_SYS_TYPES_H 1
| #define HAVE_SYS_STAT_H 1
| #define HAVE_STDLIB_H 1
| #define HAVE_STRING_H 1
| #define HAVE_MEMORY_H 1
| #define HAVE_STRINGS_H 1
| #define HAVE_INTTYPES_H 1
| #define HAVE_STDINT_H 1
| #define HAVE_UNISTD_H 1
| #define HAVE_DLFCN_H 1
| #define LT_OBJDIR ".libs/"
| #define HAVE_LIBGOMP 1
| #define STDC_HEADERS 1
| #define HAVE_SYS_WAIT_H 1
| #define HAVE_STDDEF_H 1
| #define HAVE_STDLIB_H 1
| #define HAVE_STRING_H 1
| #define HAVE_STRINGS_H 1
| #define HAVE_UNISTD_H 1
| #define HAVE__BOOL 1
| #define HAVE_STDBOOL_H 1
| #define restrict __restrict
| /* end confdefs.h.  */
| #include <stdio.h>
| #ifdef HAVE_SYS_TYPES_H
| # include <sys/types.h>
| #endif
| #ifdef HAVE_SYS_STAT_H
| # include <sys/stat.h>
| #endif
| #ifdef STDC_HEADERS
| # include <stdlib.h>
| # include <stddef.h>
| #else
| # ifdef HAVE_STDLIB_H
| #  include <stdlib.h>
| # endif
| #endif
| #ifdef HAVE_STRING_H
| # if !defined STDC_HEADERS && defined HAVE_MEMORY_H
| #  include <memory.h>
| # endif
| # include <string.h>
| #endif
| #ifdef HAVE_STRINGS_H
| # include <strings.h>
| #endif
| #ifdef HAVE_INTTYPES_H
| # include <inttypes.h>
| #endif
| #ifdef HAVE_STDINT_H
| # include <stdint.h>
| #endif
| #ifdef HAVE_UNISTD_H
| # include <unistd.h>
| #endif
| int
| main ()
| {
| if (sizeof ((ptrdiff_t)))
| 	    return 0;
|   ;
|   return 0;
| }
configure:16365: result: yes
configure:16377: checking for pid_t
configure:16377: gcc -c -g -O2  conftest.c >&5
configure:16377: $? = 0
configure:16377: gcc -c -g -O2  conftest.c >&5
conftest.c: In function 'main':
conftest.c:71:20: error: expected expression before ')' token
 if (sizeof ((pid_t)))
                    ^
configure:16377: $? = 1
configure: failed program was:
| /* confdefs.h */
| #define PACKAGE_NAME "ccfinderx"
| #define PACKAGE_TARNAME "ccfinderx"
| #define PACKAGE_VERSION "10.2.8"
| #define PACKAGE_STRING "ccfinderx 10.2.8"
| #define PACKAGE_BUGREPORT "radekg1000@gmail.com"
| #define PACKAGE_URL ""
| #define PACKAGE "ccfinderx"
| #define VERSION "10.2.8"
| #define STDC_HEADERS 1
| #define HAVE_SYS_TYPES_H 1
| #define HAVE_SYS_STAT_H 1
| #define HAVE_STDLIB_H 1
| #define HAVE_STRING_H 1
| #define HAVE_MEMORY_H 1
| #define HAVE_STRINGS_H 1
| #define HAVE_INTTYPES_H 1
| #define HAVE_STDINT_H 1
| #define HAVE_UNISTD_H 1
| #define HAVE_DLFCN_H 1
| #define LT_OBJDIR ".libs/"
| #define HAVE_LIBGOMP 1
| #define STDC_HEADERS 1
| #define HAVE_SYS_WAIT_H 1
| #define HAVE_STDDEF_H 1
| #define HAVE_STDLIB_H 1
| #define HAVE_STRING_H 1
| #define HAVE_STRINGS_H 1
| #define HAVE_UNISTD_H 1
| #define HAVE__BOOL 1
| #define HAVE_STDBOOL_H 1
| #define restrict __restrict
| #define HAVE_PTRDIFF_T 1
| /* end confdefs.h.  */
| #include <stdio.h>
| #ifdef HAVE_SYS_TYPES_H
| # include <sys/types.h>
| #endif
| #ifdef HAVE_SYS_STAT_H
| # include <sys/stat.h>
| #endif
| #ifdef STDC_HEADERS
| # include <stdlib.h>
| # include <stddef.h>
| #else
| # ifdef HAVE_STDLIB_H
| #  include <stdlib.h>
| # endif
| #endif
| #ifdef HAVE_STRING_H
| # if !defined STDC_HEADERS && defined HAVE_MEMORY_H
| #  include <memory.h>
| # endif
| # include <string.h>
| #endif
| #ifdef HAVE_STRINGS_H
| # include <strings.h>
| #endif
| #ifdef HAVE_INTTYPES_H
| # include <inttypes.h>
| #endif
| #ifdef HAVE_STDINT_H
| # include <stdint.h>
| #endif
| #ifdef HAVE_UNISTD_H
| # include <unistd.h>
| #endif
| int
| main ()
| {
| if (sizeof ((pid_t)))
| 	    return 0;
|   ;
|   return 0;
| }
configure:16377: result: yes
configure:16390: checking vfork.h usability
configure:16390: gcc -c -g -O2  conftest.c >&5
conftest.c:68:19: fatal error: vfork.h: No such file or directory
 #include <vfork.h>
                   ^
compilation terminated.
configure:16390: $? = 1
configure: failed program was:
| /* confdefs.h */
| #define PACKAGE_NAME "ccfinderx"
| #define PACKAGE_TARNAME "ccfinderx"
| #define PACKAGE_VERSION "10.2.8"
| #define PACKAGE_STRING "ccfinderx 10.2.8"
| #define PACKAGE_BUGREPORT "radekg1000@gmail.com"
| #define PACKAGE_URL ""
| #define PACKAGE "ccfinderx"
| #define VERSION "10.2.8"
| #define STDC_HEADERS 1
| #define HAVE_SYS_TYPES_H 1
| #define HAVE_SYS_STAT_H 1
| #define HAVE_STDLIB_H 1
| #define HAVE_STRING_H 1
| #define HAVE_MEMORY_H 1
| #define HAVE_STRINGS_H 1
| #define HAVE_INTTYPES_H 1
| #define HAVE_STDINT_H 1
| #define HAVE_UNISTD_H 1
| #define HAVE_DLFCN_H 1
| #define LT_OBJDIR ".libs/"
| #define HAVE_LIBGOMP 1
| #define STDC_HEADERS 1
| #define HAVE_SYS_WAIT_H 1
| #define HAVE_STDDEF_H 1
| #define HAVE_STDLIB_H 1
| #define HAVE_STRING_H 1
| #define HAVE_STRINGS_H 1
| #define HAVE_UNISTD_H 1
| #define HAVE__BOOL 1
| #define HAVE_STDBOOL_H 1
| #define restrict __restrict
| #define HAVE_PTRDIFF_T 1
| /* end confdefs.h.  */
| #include <stdio.h>
| #ifdef HAVE_SYS_TYPES_H
| # include <sys/types.h>
| #endif
| #ifdef HAVE_SYS_STAT_H
| # include <sys/stat.h>
| #endif
| #ifdef STDC_HEADERS
| # include <stdlib.h>
| # include <stddef.h>
| #else
| # ifdef HAVE_STDLIB_H
| #  include <stdlib.h>
| # endif
| #endif
| #ifdef HAVE_STRING_H
| # if !defined STDC_HEADERS && defined HAVE_MEMORY_H
| #  include <memory.h>
| # endif
| # include <string.h>
| #endif
| #ifdef HAVE_STRINGS_H
| # include <strings.h>
| #endif
| #ifdef HAVE_INTTYPES_H
| # include <inttypes.h>
| #endif
| #ifdef HAVE_STDINT_H
| # include <stdint.h>
| #endif
| #ifdef HAVE_UNISTD_H
| # include <unistd.h>
| #endif
| #include <vfork.h>
configure:16390: result: no
configure:16390: checking vfork.h presence
configure:16390: gcc -E  conftest.c
conftest.c:35:19: fatal error: vfork.h: No such file or directory
 #include <vfork.h>
                   ^
compilation terminated.
configure:16390: $? = 1
configure: failed program was:
| /* confdefs.h */
| #define PACKAGE_NAME "ccfinderx"
| #define PACKAGE_TARNAME "ccfinderx"
| #define PACKAGE_VERSION "10.2.8"
| #define PACKAGE_STRING "ccfinderx 10.2.8"
| #define PACKAGE_BUGREPORT "radekg1000@gmail.com"
| #define PACKAGE_URL ""
| #define PACKAGE "ccfinderx"
| #define VERSION "10.2.8"
| #define STDC_HEADERS 1
| #define HAVE_SYS_TYPES_H 1
| #define HAVE_SYS_STAT_H 1
| #define HAVE_STDLIB_H 1
| #define HAVE_STRING_H 1
| #define HAVE_MEMORY_H 1
| #define HAVE_STRINGS_H 1
| #define HAVE_INTTYPES_H 1
| #define HAVE_STDINT_H 1
| #define HAVE_UNISTD_H 1
| #define HAVE_DLFCN_H 1
| #define LT_OBJDIR ".libs/"
| #define HAVE_LIBGOMP 1
| #define STDC_HEADERS 1
| #define HAVE_SYS_WAIT_H 1
| #define HAVE_STDDEF_H 1
| #define HAVE_STDLIB_H 1
| #define HAVE_STRING_H 1
| #define HAVE_STRINGS_H 1
| #define HAVE_UNISTD_H 1
| #define HAVE__BOOL 1
| #define HAVE_STDBOOL_H 1
| #define restrict __restrict
| #define HAVE_PTRDIFF_T 1
| /* end confdefs.h.  */
| #include <vfork.h>
configure:16390: result: no
configure:16390: checking for vfork.h
configure:16390: result: no
configure:16403: checking for fork
configure:16403: gcc -o conftest -g -O2   conftest.c -lgomp  >&5
conftest.c:58:6: warning: conflicting types for built-in function 'fork' [enabled by default]
 char fork ();
      ^
configure:16403: $? = 0
configure:16403: result: yes
configure:16403: checking for vfork
configure:16403: gcc -o conftest -g -O2   conftest.c -lgomp  >&5
configure:16403: $? = 0
configure:16403: result: yes
configure:16413: checking for working fork
configure:16435: gcc -o conftest -g -O2   conftest.c -lgomp  >&5
configure:16435: $? = 0
configure:16435: ./conftest
configure:16435: $? = 0
configure:16445: result: yes
configure:16466: checking for working vfork
configure:16576: result: yes
configure:16603: checking for stdlib.h
configure:16603: result: yes
configure:16613: checking for GNU libc compatible malloc
configure:16637: gcc -o conftest -g -O2   conftest.c -lgomp  >&5
configure:16637: $? = 0
configure:16637: ./conftest
configure:16637: $? = 0
configure:16647: result: yes
configure:16668: checking whether lstat correctly handles trailing slash
configure:16694: gcc -o conftest -g -O2   conftest.c -lgomp  >&5
configure:16694: $? = 0
configure:16694: ./conftest
configure:16694: $? = 0
configure:16711: result: yes
configure:16730: checking whether stat accepts an empty string
configure:16750: gcc -o conftest -g -O2   conftest.c -lgomp  >&5
configure:16750: $? = 0
configure:16750: ./conftest
configure:16750: $? = 0
configure:16760: result: no
configure:16779: checking for rmdir
configure:16779: gcc -o conftest -g -O2   conftest.c -lgomp  >&5
configure:16779: $? = 0
configure:16779: result: yes
configure:16779: checking for strcasecmp
configure:16779: gcc -o conftest -g -O2   conftest.c -lgomp  >&5
conftest.c:66:6: warning: conflicting types for built-in function 'strcasecmp' [enabled by default]
 char strcasecmp ();
      ^
configure:16779: $? = 0
configure:16779: result: yes
configure:16779: checking for strchr
configure:16779: gcc -o conftest -g -O2   conftest.c -lgomp  >&5
conftest.c:67:6: warning: conflicting types for built-in function 'strchr' [enabled by default]
 char strchr ();
      ^
configure:16779: $? = 0
configure:16779: result: yes
configure:16779: checking for strdup
configure:16779: gcc -o conftest -g -O2   conftest.c -lgomp  >&5
conftest.c:68:6: warning: conflicting types for built-in function 'strdup' [enabled by default]
 char strdup ();
      ^
configure:16779: $? = 0
configure:16779: result: yes
configure:16779: checking for strerror
configure:16779: gcc -o conftest -g -O2   conftest.c -lgomp  >&5
configure:16779: $? = 0
configure:16779: result: yes
configure: this is boost.m4 serial 16
configure:16822: checking for Boost headers version >= 1.53.0
configure:16893: g++ -c -g -O2 -std=c++0x -DSTD_CPP_0X  conftest.cpp >&5
configure:16893: $? = 0
configure:16914: result: yes
configure:16933: checking for Boost's header version
configure:16951: result: 1_54
configure:16963: checking for the toolset name used by Boost for g++
configure:17038: g++ -c -g -O2 -std=c++0x -DSTD_CPP_0X  conftest.cpp >&5
configure:17038: $? = 0
configure:17073: result: gcc48 -gcc
configure:17100: gcc -c -g -O2  conftest.c >&5
conftest.c:52:3: error: #error MT not needed
 # error MT not needed
   ^
configure:17100: $? = 1
configure: failed program was:
| /* confdefs.h */
| #define PACKAGE_NAME "ccfinderx"
| #define PACKAGE_TARNAME "ccfinderx"
| #define PACKAGE_VERSION "10.2.8"
| #define PACKAGE_STRING "ccfinderx 10.2.8"
| #define PACKAGE_BUGREPORT "radekg1000@gmail.com"
| #define PACKAGE_URL ""
| #define PACKAGE "ccfinderx"
| #define VERSION "10.2.8"
| #define STDC_HEADERS 1
| #define HAVE_SYS_TYPES_H 1
| #define HAVE_SYS_STAT_H 1
| #define HAVE_STDLIB_H 1
| #define HAVE_STRING_H 1
| #define HAVE_MEMORY_H 1
| #define HAVE_STRINGS_H 1
| #define HAVE_INTTYPES_H 1
| #define HAVE_STDINT_H 1
| #define HAVE_UNISTD_H 1
| #define HAVE_DLFCN_H 1
| #define LT_OBJDIR ".libs/"
| #define HAVE_LIBGOMP 1
| #define STDC_HEADERS 1
| #define HAVE_SYS_WAIT_H 1
| #define HAVE_STDDEF_H 1
| #define HAVE_STDLIB_H 1
| #define HAVE_STRING_H 1
| #define HAVE_STRINGS_H 1
| #define HAVE_UNISTD_H 1
| #define HAVE__BOOL 1
| #define HAVE_STDBOOL_H 1
| #define restrict __restrict
| #define HAVE_PTRDIFF_T 1
| #define HAVE_FORK 1
| #define HAVE_VFORK 1
| #define HAVE_WORKING_VFORK 1
| #define HAVE_WORKING_FORK 1
| #define HAVE_STDLIB_H 1
| #define HAVE_MALLOC 1
| #define LSTAT_FOLLOWS_SLASHED_SYMLINK 1
| #define HAVE_RMDIR 1
| #define HAVE_STRCASECMP 1
| #define HAVE_STRCHR 1
| #define HAVE_STRDUP 1
| #define HAVE_STRERROR 1
| #define HAVE_BOOST 1
| /* end confdefs.h.  */
| 
| #if defined _REENTRANT || defined _MT || defined __MT__
| /* use -mt */
| #else
| # error MT not needed
| #endif
| 
| int
| main ()
| {
| 
|   ;
|   return 0;
| }
configure:17128: checking boost/system/error_code.hpp usability
configure:17128: g++ -c -g -O2 -std=c++0x -DSTD_CPP_0X   conftest.cpp >&5
configure:17128: $? = 0
configure:17128: result: yes
configure:17128: checking boost/system/error_code.hpp presence
configure:17128: g++ -E   conftest.cpp
configure:17128: $? = 0
configure:17128: result: yes
configure:17128: checking for boost/system/error_code.hpp
configure:17128: result: yes
configure:17155: checking for the Boost system library
configure:17197: g++ -c -g -O2 -std=c++0x -DSTD_CPP_0X   conftest.cpp >&5
configure:17197: $? = 0
configure:17248: re-using the existing conftest.o
configure:17254: g++ -o conftest -g -O2 -std=c++0x -DSTD_CPP_0X    -L/usr/local/lib conftest.o -lboost_system-gcc48-mt-1_54 -lgomp  >&5
/usr/bin/ld: cannot find -lboost_system-gcc48-mt-1_54
collect2: error: ld returned 1 exit status
configure:17263: $? = 1
configure:17248: re-using the existing conftest.o
configure:17254: g++ -o conftest -g -O2 -std=c++0x -DSTD_CPP_0X    -L/usr/lib conftest.o -lboost_system-gcc48-mt-1_54 -lgomp  >&5
/usr/bin/ld: cannot find -lboost_system-gcc48-mt-1_54
collect2: error: ld returned 1 exit status
configure:17263: $? = 1
configure:17248: re-using the existing conftest.o
configure:17254: g++ -o conftest -g -O2 -std=c++0x -DSTD_CPP_0X    -L/lib conftest.o -lboost_system-gcc48-mt-1_54 -lgomp  >&5
/usr/bin/ld: cannot find -lboost_system-gcc48-mt-1_54
collect2: error: ld returned 1 exit status
configure:17263: $? = 1
configure:17248: re-using the existing conftest.o
configure:17254: g++ -o conftest -g -O2 -std=c++0x -DSTD_CPP_0X    -L/lib64 conftest.o -lboost_system-gcc48-mt-1_54 -lgomp  >&5
/usr/bin/ld: cannot find -lboost_system-gcc48-mt-1_54
collect2: error: ld returned 1 exit status
configure:17263: $? = 1
configure:17248: re-using the existing conftest.o
configure:17254: g++ -o conftest -g -O2 -std=c++0x -DSTD_CPP_0X    -L/usr/local/lib conftest.o -lboost_system-gcc48-1_54 -lgomp  >&5
/usr/bin/ld: cannot find -lboost_system-gcc48-1_54
collect2: error: ld returned 1 exit status
configure:17263: $? = 1
configure:17248: re-using the existing conftest.o
configure:17254: g++ -o conftest -g -O2 -std=c++0x -DSTD_CPP_0X    -L/usr/lib conftest.o -lboost_system-gcc48-1_54 -lgomp  >&5
/usr/bin/ld: cannot find -lboost_system-gcc48-1_54
collect2: error: ld returned 1 exit status
configure:17263: $? = 1
configure:17248: re-using the existing conftest.o
configure:17254: g++ -o conftest -g -O2 -std=c++0x -DSTD_CPP_0X    -L/lib conftest.o -lboost_system-gcc48-1_54 -lgomp  >&5
/usr/bin/ld: cannot find -lboost_system-gcc48-1_54
collect2: error: ld returned 1 exit status
configure:17263: $? = 1
configure:17248: re-using the existing conftest.o
configure:17254: g++ -o conftest -g -O2 -std=c++0x -DSTD_CPP_0X    -L/lib64 conftest.o -lboost_system-gcc48-1_54 -lgomp  >&5
/usr/bin/ld: cannot find -lboost_system-gcc48-1_54
collect2: error: ld returned 1 exit status
configure:17263: $? = 1
configure:17248: re-using the existing conftest.o
configure:17254: g++ -o conftest -g -O2 -std=c++0x -DSTD_CPP_0X    -L/usr/local/lib conftest.o -lboost_system-gcc48-mt-d-1_54 -lgomp  >&5
/usr/bin/ld: cannot find -lboost_system-gcc48-mt-d-1_54
collect2: error: ld returned 1 exit status
configure:17263: $? = 1
configure:17248: re-using the existing conftest.o
configure:17254: g++ -o conftest -g -O2 -std=c++0x -DSTD_CPP_0X    -L/usr/lib conftest.o -lboost_system-gcc48-mt-d-1_54 -lgomp  >&5
/usr/bin/ld: cannot find -lboost_system-gcc48-mt-d-1_54
collect2: error: ld returned 1 exit status
configure:17263: $? = 1
configure:17248: re-using the existing conftest.o
configure:17254: g++ -o conftest -g -O2 -std=c++0x -DSTD_CPP_0X    -L/lib conftest.o -lboost_system-gcc48-mt-d-1_54 -lgomp  >&5
/usr/bin/ld: cannot find -lboost_system-gcc48-mt-d-1_54
collect2: error: ld returned 1 exit status
configure:17263: $? = 1
configure:17248: re-using the existing conftest.o
configure:17254: g++ -o conftest -g -O2 -std=c++0x -DSTD_CPP_0X    -L/lib64 conftest.o -lboost_system-gcc48-mt-d-1_54 -lgomp  >&5
/usr/bin/ld: cannot find -lboost_system-gcc48-mt-d-1_54
collect2: error: ld returned 1 exit status
configure:17263: $? = 1
configure:17248: re-using the existing conftest.o
configure:17254: g++ -o conftest -g -O2 -std=c++0x -DSTD_CPP_0X    -L/usr/local/lib conftest.o -lboost_system-gcc48-d-1_54 -lgomp  >&5
/usr/bin/ld: cannot find -lboost_system-gcc48-d-1_54
collect2: error: ld returned 1 exit status
configure:17263: $? = 1
configure:17248: re-using the existing conftest.o
configure:17254: g++ -o conftest -g -O2 -std=c++0x -DSTD_CPP_0X    -L/usr/lib conftest.o -lboost_system-gcc48-d-1_54 -lgomp  >&5
/usr/bin/ld: cannot find -lboost_system-gcc48-d-1_54
collect2: error: ld returned 1 exit status
configure:17263: $? = 1
configure:17248: re-using the existing conftest.o
configure:17254: g++ -o conftest -g -O2 -std=c++0x -DSTD_CPP_0X    -L/lib conftest.o -lboost_system-gcc48-d-1_54 -lgomp  >&5
/usr/bin/ld: cannot find -lboost_system-gcc48-d-1_54
collect2: error: ld returned 1 exit status
configure:17263: $? = 1
configure:17248: re-using the existing conftest.o
configure:17254: g++ -o conftest -g -O2 -std=c++0x -DSTD_CPP_0X    -L/lib64 conftest.o -lboost_system-gcc48-d-1_54 -lgomp  >&5
/usr/bin/ld: cannot find -lboost_system-gcc48-d-1_54
collect2: error: ld returned 1 exit status
configure:17263: $? = 1
configure:17248: re-using the existing conftest.o
configure:17254: g++ -o conftest -g -O2 -std=c++0x -DSTD_CPP_0X    -L/usr/local/lib conftest.o -lboost_system-gcc48-mt -lgomp  >&5
/usr/bin/ld: cannot find -lboost_system-gcc48-mt
collect2: error: ld returned 1 exit status
configure:17263: $? = 1
configure:17248: re-using the existing conftest.o
configure:17254: g++ -o conftest -g -O2 -std=c++0x -DSTD_CPP_0X    -L/usr/lib conftest.o -lboost_system-gcc48-mt -lgomp  >&5
/usr/bin/ld: cannot find -lboost_system-gcc48-mt
collect2: error: ld returned 1 exit status
configure:17263: $? = 1
configure:17248: re-using the existing conftest.o
configure:17254: g++ -o conftest -g -O2 -std=c++0x -DSTD_CPP_0X    -L/lib conftest.o -lboost_system-gcc48-mt -lgomp  >&5
/usr/bin/ld: cannot find -lboost_system-gcc48-mt
collect2: error: ld returned 1 exit status
configure:17263: $? = 1
configure:17248: re-using the existing conftest.o
configure:17254: g++ -o conftest -g -O2 -std=c++0x -DSTD_CPP_0X    -L/lib64 conftest.o -lboost_system-gcc48-mt -lgomp  >&5
/usr/bin/ld: cannot find -lboost_system-gcc48-mt
collect2: error: ld returned 1 exit status
configure:17263: $? = 1
configure:17248: re-using the existing conftest.o
configure:17254: g++ -o conftest -g -O2 -std=c++0x -DSTD_CPP_0X    -L/usr/local/lib conftest.o -lboost_system-gcc48 -lgomp  >&5
/usr/bin/ld: cannot find -lboost_system-gcc48
collect2: error: ld returned 1 exit status
configure:17263: $? = 1
configure:17248: re-using the existing conftest.o
configure:17254: g++ -o conftest -g -O2 -std=c++0x -DSTD_CPP_0X    -L/usr/lib conftest.o -lboost_system-gcc48 -lgomp  >&5
/usr/bin/ld: cannot find -lboost_system-gcc48
collect2: error: ld returned 1 exit status
configure:17263: $? = 1
configure:17248: re-using the existing conftest.o
configure:17254: g++ -o conftest -g -O2 -std=c++0x -DSTD_CPP_0X    -L/lib conftest.o -lboost_system-gcc48 -lgomp  >&5
/usr/bin/ld: cannot find -lboost_system-gcc48
collect2: error: ld returned 1 exit status
configure:17263: $? = 1
configure:17248: re-using the existing conftest.o
configure:17254: g++ -o conftest -g -O2 -std=c++0x -DSTD_CPP_0X    -L/lib64 conftest.o -lboost_system-gcc48 -lgomp  >&5
/usr/bin/ld: cannot find -lboost_system-gcc48
collect2: error: ld returned 1 exit status
configure:17263: $? = 1
configure:17248: re-using the existing conftest.o
configure:17254: g++ -o conftest -g -O2 -std=c++0x -DSTD_CPP_0X    -L/usr/local/lib conftest.o -lboost_system-gcc48-mt-d -lgomp  >&5
/usr/bin/ld: cannot find -lboost_system-gcc48-mt-d
collect2: error: ld returned 1 exit status
configure:17263: $? = 1
configure:17248: re-using the existing conftest.o
configure:17254: g++ -o conftest -g -O2 -std=c++0x -DSTD_CPP_0X    -L/usr/lib conftest.o -lboost_system-gcc48-mt-d -lgomp  >&5
/usr/bin/ld: cannot find -lboost_system-gcc48-mt-d
collect2: error: ld returned 1 exit status
configure:17263: $? = 1
configure:17248: re-using the existing conftest.o
configure:17254: g++ -o conftest -g -O2 -std=c++0x -DSTD_CPP_0X    -L/lib conftest.o -lboost_system-gcc48-mt-d -lgomp  >&5
/usr/bin/ld: cannot find -lboost_system-gcc48-mt-d
collect2: error: ld returned 1 exit status
configure:17263: $? = 1
configure:17248: re-using the existing conftest.o
configure:17254: g++ -o conftest -g -O2 -std=c++0x -DSTD_CPP_0X    -L/lib64 conftest.o -lboost_system-gcc48-mt-d -lgomp  >&5
/usr/bin/ld: cannot find -lboost_system-gcc48-mt-d
collect2: error: ld returned 1 exit status
configure:17263: $? = 1
configure:17248: re-using the existing conftest.o
configure:17254: g++ -o conftest -g -O2 -std=c++0x -DSTD_CPP_0X    -L/usr/local/lib conftest.o -lboost_system-gcc48-d -lgomp  >&5
/usr/bin/ld: cannot find -lboost_system-gcc48-d
collect2: error: ld returned 1 exit status
configure:17263: $? = 1
configure:17248: re-using the existing conftest.o
configure:17254: g++ -o conftest -g -O2 -std=c++0x -DSTD_CPP_0X    -L/usr/lib conftest.o -lboost_system-gcc48-d -lgomp  >&5
/usr/bin/ld: cannot find -lboost_system-gcc48-d
collect2: error: ld returned 1 exit status
configure:17263: $? = 1
configure:17248: re-using the existing conftest.o
configure:17254: g++ -o conftest -g -O2 -std=c++0x -DSTD_CPP_0X    -L/lib conftest.o -lboost_system-gcc48-d -lgomp  >&5
/usr/bin/ld: cannot find -lboost_system-gcc48-d
collect2: error: ld returned 1 exit status
configure:17263: $? = 1
configure:17248: re-using the existing conftest.o
configure:17254: g++ -o conftest -g -O2 -std=c++0x -DSTD_CPP_0X    -L/lib64 conftest.o -lboost_system-gcc48-d -lgomp  >&5
/usr/bin/ld: cannot find -lboost_system-gcc48-d
collect2: error: ld returned 1 exit status
configure:17263: $? = 1
configure:17248: re-using the existing conftest.o
configure:17254: g++ -o conftest -g -O2 -std=c++0x -DSTD_CPP_0X    -L/usr/local/lib conftest.o -lboost_system-gcc-mt-1_54 -lgomp  >&5
/usr/bin/ld: cannot find -lboost_system-gcc-mt-1_54
collect2: error: ld returned 1 exit status
configure:17263: $? = 1
configure:17248: re-using the existing conftest.o
configure:17254: g++ -o conftest -g -O2 -std=c++0x -DSTD_CPP_0X    -L/usr/lib conftest.o -lboost_system-gcc-mt-1_54 -lgomp  >&5
/usr/bin/ld: cannot find -lboost_system-gcc-mt-1_54
collect2: error: ld returned 1 exit status
configure:17263: $? = 1
configure:17248: re-using the existing conftest.o
configure:17254: g++ -o conftest -g -O2 -std=c++0x -DSTD_CPP_0X    -L/lib conftest.o -lboost_system-gcc-mt-1_54 -lgomp  >&5
/usr/bin/ld: cannot find -lboost_system-gcc-mt-1_54
collect2: error: ld returned 1 exit status
configure:17263: $? = 1
configure:17248: re-using the existing conftest.o
configure:17254: g++ -o conftest -g -O2 -std=c++0x -DSTD_CPP_0X    -L/lib64 conftest.o -lboost_system-gcc-mt-1_54 -lgomp  >&5
/usr/bin/ld: cannot find -lboost_system-gcc-mt-1_54
collect2: error: ld returned 1 exit status
configure:17263: $? = 1
configure:17248: re-using the existing conftest.o
configure:17254: g++ -o conftest -g -O2 -std=c++0x -DSTD_CPP_0X    -L/usr/local/lib conftest.o -lboost_system-gcc-1_54 -lgomp  >&5
/usr/bin/ld: cannot find -lboost_system-gcc-1_54
collect2: error: ld returned 1 exit status
configure:17263: $? = 1
configure:17248: re-using the existing conftest.o
configure:17254: g++ -o conftest -g -O2 -std=c++0x -DSTD_CPP_0X    -L/usr/lib conftest.o -lboost_system-gcc-1_54 -lgomp  >&5
/usr/bin/ld: cannot find -lboost_system-gcc-1_54
collect2: error: ld returned 1 exit status
configure:17263: $? = 1
configure:17248: re-using the existing conftest.o
configure:17254: g++ -o conftest -g -O2 -std=c++0x -DSTD_CPP_0X    -L/lib conftest.o -lboost_system-gcc-1_54 -lgomp  >&5
/usr/bin/ld: cannot find -lboost_system-gcc-1_54
collect2: error: ld returned 1 exit status
configure:17263: $? = 1
configure:17248: re-using the existing conftest.o
configure:17254: g++ -o conftest -g -O2 -std=c++0x -DSTD_CPP_0X    -L/lib64 conftest.o -lboost_system-gcc-1_54 -lgomp  >&5
/usr/bin/ld: cannot find -lboost_system-gcc-1_54
collect2: error: ld returned 1 exit status
configure:17263: $? = 1
configure:17248: re-using the existing conftest.o
configure:17254: g++ -o conftest -g -O2 -std=c++0x -DSTD_CPP_0X    -L/usr/local/lib conftest.o -lboost_system-gcc-mt-d-1_54 -lgomp  >&5
/usr/bin/ld: cannot find -lboost_system-gcc-mt-d-1_54
collect2: error: ld returned 1 exit status
configure:17263: $? = 1
configure:17248: re-using the existing conftest.o
configure:17254: g++ -o conftest -g -O2 -std=c++0x -DSTD_CPP_0X    -L/usr/lib conftest.o -lboost_system-gcc-mt-d-1_54 -lgomp  >&5
/usr/bin/ld: cannot find -lboost_system-gcc-mt-d-1_54
collect2: error: ld returned 1 exit status
configure:17263: $? = 1
configure:17248: re-using the existing conftest.o
configure:17254: g++ -o conftest -g -O2 -std=c++0x -DSTD_CPP_0X    -L/lib conftest.o -lboost_system-gcc-mt-d-1_54 -lgomp  >&5
/usr/bin/ld: cannot find -lboost_system-gcc-mt-d-1_54
collect2: error: ld returned 1 exit status
configure:17263: $? = 1
configure:17248: re-using the existing conftest.o
configure:17254: g++ -o conftest -g -O2 -std=c++0x -DSTD_CPP_0X    -L/lib64 conftest.o -lboost_system-gcc-mt-d-1_54 -lgomp  >&5
/usr/bin/ld: cannot find -lboost_system-gcc-mt-d-1_54
collect2: error: ld returned 1 exit status
configure:17263: $? = 1
configure:17248: re-using the existing conftest.o
configure:17254: g++ -o conftest -g -O2 -std=c++0x -DSTD_CPP_0X    -L/usr/local/lib conftest.o -lboost_system-gcc-d-1_54 -lgomp  >&5
/usr/bin/ld: cannot find -lboost_system-gcc-d-1_54
collect2: error: ld returned 1 exit status
configure:17263: $? = 1
configure:17248: re-using the existing conftest.o
configure:17254: g++ -o conftest -g -O2 -std=c++0x -DSTD_CPP_0X    -L/usr/lib conftest.o -lboost_system-gcc-d-1_54 -lgomp  >&5
/usr/bin/ld: cannot find -lboost_system-gcc-d-1_54
collect2: error: ld returned 1 exit status
configure:17263: $? = 1
configure:17248: re-using the existing conftest.o
configure:17254: g++ -o conftest -g -O2 -std=c++0x -DSTD_CPP_0X    -L/lib conftest.o -lboost_system-gcc-d-1_54 -lgomp  >&5
/usr/bin/ld: cannot find -lboost_system-gcc-d-1_54
collect2: error: ld returned 1 exit status
configure:17263: $? = 1
configure:17248: re-using the existing conftest.o
configure:17254: g++ -o conftest -g -O2 -std=c++0x -DSTD_CPP_0X    -L/lib64 conftest.o -lboost_system-gcc-d-1_54 -lgomp  >&5
/usr/bin/ld: cannot find -lboost_system-gcc-d-1_54
collect2: error: ld returned 1 exit status
configure:17263: $? = 1
configure:17248: re-using the existing conftest.o
configure:17254: g++ -o conftest -g -O2 -std=c++0x -DSTD_CPP_0X    -L/usr/local/lib conftest.o -lboost_system-gcc-mt -lgomp  >&5
/usr/bin/ld: cannot find -lboost_system-gcc-mt
collect2: error: ld returned 1 exit status
configure:17263: $? = 1
configure:17248: re-using the existing conftest.o
configure:17254: g++ -o conftest -g -O2 -std=c++0x -DSTD_CPP_0X    -L/usr/lib conftest.o -lboost_system-gcc-mt -lgomp  >&5
/usr/bin/ld: cannot find -lboost_system-gcc-mt
collect2: error: ld returned 1 exit status
configure:17263: $? = 1
configure:17248: re-using the existing conftest.o
configure:17254: g++ -o conftest -g -O2 -std=c++0x -DSTD_CPP_0X    -L/lib conftest.o -lboost_system-gcc-mt -lgomp  >&5
/usr/bin/ld: cannot find -lboost_system-gcc-mt
collect2: error: ld returned 1 exit status
configure:17263: $? = 1
configure:17248: re-using the existing conftest.o
configure:17254: g++ -o conftest -g -O2 -std=c++0x -DSTD_CPP_0X    -L/lib64 conftest.o -lboost_system-gcc-mt -lgomp  >&5
/usr/bin/ld: cannot find -lboost_system-gcc-mt
collect2: error: ld returned 1 exit status
configure:17263: $? = 1
configure:17248: re-using the existing conftest.o
configure:17254: g++ -o conftest -g -O2 -std=c++0x -DSTD_CPP_0X    -L/usr/local/lib conftest.o -lboost_system-gcc -lgomp  >&5
/usr/bin/ld: cannot find -lboost_system-gcc
collect2: error: ld returned 1 exit status
configure:17263: $? = 1
configure:17248: re-using the existing conftest.o
configure:17254: g++ -o conftest -g -O2 -std=c++0x -DSTD_CPP_0X    -L/usr/lib conftest.o -lboost_system-gcc -lgomp  >&5
/usr/bin/ld: cannot find -lboost_system-gcc
collect2: error: ld returned 1 exit status
configure:17263: $? = 1
configure:17248: re-using the existing conftest.o
configure:17254: g++ -o conftest -g -O2 -std=c++0x -DSTD_CPP_0X    -L/lib conftest.o -lboost_system-gcc -lgomp  >&5
/usr/bin/ld: cannot find -lboost_system-gcc
collect2: error: ld returned 1 exit status
configure:17263: $? = 1
configure:17248: re-using the existing conftest.o
configure:17254: g++ -o conftest -g -O2 -std=c++0x -DSTD_CPP_0X    -L/lib64 conftest.o -lboost_system-gcc -lgomp  >&5
/usr/bin/ld: cannot find -lboost_system-gcc
collect2: error: ld returned 1 exit status
configure:17263: $? = 1
configure:17248: re-using the existing conftest.o
configure:17254: g++ -o conftest -g -O2 -std=c++0x -DSTD_CPP_0X    -L/usr/local/lib conftest.o -lboost_system-gcc-mt-d -lgomp  >&5
/usr/bin/ld: cannot find -lboost_system-gcc-mt-d
collect2: error: ld returned 1 exit status
configure:17263: $? = 1
configure:17248: re-using the existing conftest.o
configure:17254: g++ -o conftest -g -O2 -std=c++0x -DSTD_CPP_0X    -L/usr/lib conftest.o -lboost_system-gcc-mt-d -lgomp  >&5
/usr/bin/ld: cannot find -lboost_system-gcc-mt-d
collect2: error: ld returned 1 exit status
configure:17263: $? = 1
configure:17248: re-using the existing conftest.o
configure:17254: g++ -o conftest -g -O2 -std=c++0x -DSTD_CPP_0X    -L/lib conftest.o -lboost_system-gcc-mt-d -lgomp  >&5
/usr/bin/ld: cannot find -lboost_system-gcc-mt-d
collect2: error: ld returned 1 exit status
configure:17263: $? = 1
configure:17248: re-using the existing conftest.o
configure:17254: g++ -o conftest -g -O2 -std=c++0x -DSTD_CPP_0X    -L/lib64 conftest.o -lboost_system-gcc-mt-d -lgomp  >&5
/usr/bin/ld: cannot find -lboost_system-gcc-mt-d
collect2: error: ld returned 1 exit status
configure:17263: $? = 1
configure:17248: re-using the existing conftest.o
configure:17254: g++ -o conftest -g -O2 -std=c++0x -DSTD_CPP_0X    -L/usr/local/lib conftest.o -lboost_system-gcc-d -lgomp  >&5
/usr/bin/ld: cannot find -lboost_system-gcc-d
collect2: error: ld returned 1 exit status
configure:17263: $? = 1
configure:17248: re-using the existing conftest.o
configure:17254: g++ -o conftest -g -O2 -std=c++0x -DSTD_CPP_0X    -L/usr/lib conftest.o -lboost_system-gcc-d -lgomp  >&5
/usr/bin/ld: cannot find -lboost_system-gcc-d
collect2: error: ld returned 1 exit status
configure:17263: $? = 1
configure:17248: re-using the existing conftest.o
configure:17254: g++ -o conftest -g -O2 -std=c++0x -DSTD_CPP_0X    -L/lib conftest.o -lboost_system-gcc-d -lgomp  >&5
/usr/bin/ld: cannot find -lboost_system-gcc-d
collect2: error: ld returned 1 exit status
configure:17263: $? = 1
configure:17248: re-using the existing conftest.o
configure:17254: g++ -o conftest -g -O2 -std=c++0x -DSTD_CPP_0X    -L/lib64 conftest.o -lboost_system-gcc-d -lgomp  >&5
/usr/bin/ld: cannot find -lboost_system-gcc-d
collect2: error: ld returned 1 exit status
configure:17263: $? = 1
configure:17248: re-using the existing conftest.o
configure:17254: g++ -o conftest -g -O2 -std=c++0x -DSTD_CPP_0X    -L/usr/local/lib conftest.o -lboost_system-mt-1_54 -lgomp  >&5
/usr/bin/ld: cannot find -lboost_system-mt-1_54
collect2: error: ld returned 1 exit status
configure:17263: $? = 1
configure:17248: re-using the existing conftest.o
configure:17254: g++ -o conftest -g -O2 -std=c++0x -DSTD_CPP_0X    -L/usr/lib conftest.o -lboost_system-mt-1_54 -lgomp  >&5
/usr/bin/ld: cannot find -lboost_system-mt-1_54
collect2: error: ld returned 1 exit status
configure:17263: $? = 1
configure:17248: re-using the existing conftest.o
configure:17254: g++ -o conftest -g -O2 -std=c++0x -DSTD_CPP_0X    -L/lib conftest.o -lboost_system-mt-1_54 -lgomp  >&5
/usr/bin/ld: cannot find -lboost_system-mt-1_54
collect2: error: ld returned 1 exit status
configure:17263: $? = 1
configure:17248: re-using the existing conftest.o
configure:17254: g++ -o conftest -g -O2 -std=c++0x -DSTD_CPP_0X    -L/lib64 conftest.o -lboost_system-mt-1_54 -lgomp  >&5
/usr/bin/ld: cannot find -lboost_system-mt-1_54
collect2: error: ld returned 1 exit status
configure:17263: $? = 1
configure:17248: re-using the existing conftest.o
configure:17254: g++ -o conftest -g -O2 -std=c++0x -DSTD_CPP_0X    -L/usr/local/lib conftest.o -lboost_system-1_54 -lgomp  >&5
/usr/bin/ld: cannot find -lboost_system-1_54
collect2: error: ld returned 1 exit status
configure:17263: $? = 1
configure:17248: re-using the existing conftest.o
configure:17254: g++ -o conftest -g -O2 -std=c++0x -DSTD_CPP_0X    -L/usr/lib conftest.o -lboost_system-1_54 -lgomp  >&5
/usr/bin/ld: cannot find -lboost_system-1_54
collect2: error: ld returned 1 exit status
configure:17263: $? = 1
configure:17248: re-using the existing conftest.o
configure:17254: g++ -o conftest -g -O2 -std=c++0x -DSTD_CPP_0X    -L/lib conftest.o -lboost_system-1_54 -lgomp  >&5
/usr/bin/ld: cannot find -lboost_system-1_54
collect2: error: ld returned 1 exit status
configure:17263: $? = 1
configure:17248: re-using the existing conftest.o
configure:17254: g++ -o conftest -g -O2 -std=c++0x -DSTD_CPP_0X    -L/lib64 conftest.o -lboost_system-1_54 -lgomp  >&5
/usr/bin/ld: cannot find -lboost_system-1_54
collect2: error: ld returned 1 exit status
configure:17263: $? = 1
configure:17248: re-using the existing conftest.o
configure:17254: g++ -o conftest -g -O2 -std=c++0x -DSTD_CPP_0X    -L/usr/local/lib conftest.o -lboost_system-mt-d-1_54 -lgomp  >&5
/usr/bin/ld: cannot find -lboost_system-mt-d-1_54
collect2: error: ld returned 1 exit status
configure:17263: $? = 1
configure:17248: re-using the existing conftest.o
configure:17254: g++ -o conftest -g -O2 -std=c++0x -DSTD_CPP_0X    -L/usr/lib conftest.o -lboost_system-mt-d-1_54 -lgomp  >&5
/usr/bin/ld: cannot find -lboost_system-mt-d-1_54
collect2: error: ld returned 1 exit status
configure:17263: $? = 1
configure:17248: re-using the existing conftest.o
configure:17254: g++ -o conftest -g -O2 -std=c++0x -DSTD_CPP_0X    -L/lib conftest.o -lboost_system-mt-d-1_54 -lgomp  >&5
/usr/bin/ld: cannot find -lboost_system-mt-d-1_54
collect2: error: ld returned 1 exit status
configure:17263: $? = 1
configure:17248: re-using the existing conftest.o
configure:17254: g++ -o conftest -g -O2 -std=c++0x -DSTD_CPP_0X    -L/lib64 conftest.o -lboost_system-mt-d-1_54 -lgomp  >&5
/usr/bin/ld: cannot find -lboost_system-mt-d-1_54
collect2: error: ld returned 1 exit status
configure:17263: $? = 1
configure:17248: re-using the existing conftest.o
configure:17254: g++ -o conftest -g -O2 -std=c++0x -DSTD_CPP_0X    -L/usr/local/lib conftest.o -lboost_system-d-1_54 -lgomp  >&5
/usr/bin/ld: cannot find -lboost_system-d-1_54
collect2: error: ld returned 1 exit status
configure:17263: $? = 1
configure:17248: re-using the existing conftest.o
configure:17254: g++ -o conftest -g -O2 -std=c++0x -DSTD_CPP_0X    -L/usr/lib conftest.o -lboost_system-d-1_54 -lgomp  >&5
/usr/bin/ld: cannot find -lboost_system-d-1_54
collect2: error: ld returned 1 exit status
configure:17263: $? = 1
configure:17248: re-using the existing conftest.o
configure:17254: g++ -o conftest -g -O2 -std=c++0x -DSTD_CPP_0X    -L/lib conftest.o -lboost_system-d-1_54 -lgomp  >&5
/usr/bin/ld: cannot find -lboost_system-d-1_54
collect2: error: ld returned 1 exit status
configure:17263: $? = 1
configure:17248: re-using the existing conftest.o
configure:17254: g++ -o conftest -g -O2 -std=c++0x -DSTD_CPP_0X    -L/lib64 conftest.o -lboost_system-d-1_54 -lgomp  >&5
/usr/bin/ld: cannot find -lboost_system-d-1_54
collect2: error: ld returned 1 exit status
configure:17263: $? = 1
configure:17248: re-using the existing conftest.o
configure:17254: g++ -o conftest -g -O2 -std=c++0x -DSTD_CPP_0X    -L/usr/local/lib conftest.o -lboost_system-mt -lgomp  >&5
/usr/bin/ld: cannot find -lboost_system-mt
collect2: error: ld returned 1 exit status
configure:17263: $? = 1
configure:17248: re-using the existing conftest.o
configure:17254: g++ -o conftest -g -O2 -std=c++0x -DSTD_CPP_0X    -L/usr/lib conftest.o -lboost_system-mt -lgomp  >&5
/usr/bin/ld: cannot find -lboost_system-mt
collect2: error: ld returned 1 exit status
configure:17263: $? = 1
configure:17248: re-using the existing conftest.o
configure:17254: g++ -o conftest -g -O2 -std=c++0x -DSTD_CPP_0X    -L/lib conftest.o -lboost_system-mt -lgomp  >&5
/usr/bin/ld: cannot find -lboost_system-mt
collect2: error: ld returned 1 exit status
configure:17263: $? = 1
configure:17248: re-using the existing conftest.o
configure:17254: g++ -o conftest -g -O2 -std=c++0x -DSTD_CPP_0X    -L/lib64 conftest.o -lboost_system-mt -lgomp  >&5
/usr/bin/ld: cannot find -lboost_system-mt
collect2: error: ld returned 1 exit status
configure:17263: $? = 1
configure:17248: re-using the existing conftest.o
configure:17254: g++ -o conftest -g -O2 -std=c++0x -DSTD_CPP_0X    -L/usr/local/lib conftest.o -lboost_system -lgomp  >&5
configure:17263: $? = 0
configure:17303: result: yes
configure:17331: checking for the flags needed to use pthreads
configure:17386: g++ -o conftest -g -O2 -std=c++0x -DSTD_CPP_0X   conftest.cpp -lgomp   >&5
conftest.cpp: In function 'int main()':
conftest.cpp:54:24: warning: null argument where non-null required (argument 1) [-Wnonnull]
     pthread_attr_init(0); pthread_cleanup_push(0, 0);
                        ^
conftest.cpp:55:27: warning: null argument where non-null required (argument 1) [-Wnonnull]
     pthread_create(0,0,0,0); pthread_cleanup_pop(0);
                           ^
conftest.cpp:55:27: warning: null argument where non-null required (argument 3) [-Wnonnull]
/tmp/ccqsFQ9J.o: In function `main':
/home/ct4ew/ccfinderx/build/conftest.cpp:53: undefined reference to `pthread_join'
/home/ct4ew/ccfinderx/build/conftest.cpp:55: undefined reference to `pthread_create'
collect2: error: ld returned 1 exit status
configure:17386: $? = 1
configure: failed program was:
| /* confdefs.h */
| #define PACKAGE_NAME "ccfinderx"
| #define PACKAGE_TARNAME "ccfinderx"
| #define PACKAGE_VERSION "10.2.8"
| #define PACKAGE_STRING "ccfinderx 10.2.8"
| #define PACKAGE_BUGREPORT "radekg1000@gmail.com"
| #define PACKAGE_URL ""
| #define PACKAGE "ccfinderx"
| #define VERSION "10.2.8"
| #define STDC_HEADERS 1
| #define HAVE_SYS_TYPES_H 1
| #define HAVE_SYS_STAT_H 1
| #define HAVE_STDLIB_H 1
| #define HAVE_STRING_H 1
| #define HAVE_MEMORY_H 1
| #define HAVE_STRINGS_H 1
| #define HAVE_INTTYPES_H 1
| #define HAVE_STDINT_H 1
| #define HAVE_UNISTD_H 1
| #define HAVE_DLFCN_H 1
| #define LT_OBJDIR ".libs/"
| #define HAVE_LIBGOMP 1
| #define STDC_HEADERS 1
| #define HAVE_SYS_WAIT_H 1
| #define HAVE_STDDEF_H 1
| #define HAVE_STDLIB_H 1
| #define HAVE_STRING_H 1
| #define HAVE_STRINGS_H 1
| #define HAVE_UNISTD_H 1
| #define HAVE__BOOL 1
| #define HAVE_STDBOOL_H 1
| #define restrict __restrict
| #define HAVE_PTRDIFF_T 1
| #define HAVE_FORK 1
| #define HAVE_VFORK 1
| #define HAVE_WORKING_VFORK 1
| #define HAVE_WORKING_FORK 1
| #define HAVE_STDLIB_H 1
| #define HAVE_MALLOC 1
| #define LSTAT_FOLLOWS_SLASHED_SYMLINK 1
| #define HAVE_RMDIR 1
| #define HAVE_STRCASECMP 1
| #define HAVE_STRCHR 1
| #define HAVE_STRDUP 1
| #define HAVE_STRERROR 1
| #define HAVE_BOOST 1
| #define HAVE_BOOST_SYSTEM_ERROR_CODE_HPP 1
| /* end confdefs.h.  */
| #include <pthread.h>
| int
| main ()
| {
| pthread_t th; pthread_join(th, 0);
|     pthread_attr_init(0); pthread_cleanup_push(0, 0);
|     pthread_create(0,0,0,0); pthread_cleanup_pop(0);
|   ;
|   return 0;
| }
configure:17386: g++ -o conftest -g -O2 -std=c++0x -DSTD_CPP_0X   conftest.cpp -lgomp  -lpthreads >&5
conftest.cpp: In function 'int main()':
conftest.cpp:54:24: warning: null argument where non-null required (argument 1) [-Wnonnull]
     pthread_attr_init(0); pthread_cleanup_push(0, 0);
                        ^
conftest.cpp:55:27: warning: null argument where non-null required (argument 1) [-Wnonnull]
     pthread_create(0,0,0,0); pthread_cleanup_pop(0);
                           ^
conftest.cpp:55:27: warning: null argument where non-null required (argument 3) [-Wnonnull]
/usr/bin/ld: cannot find -lpthreads
collect2: error: ld returned 1 exit status
configure:17386: $? = 1
configure: failed program was:
| /* confdefs.h */
| #define PACKAGE_NAME "ccfinderx"
| #define PACKAGE_TARNAME "ccfinderx"
| #define PACKAGE_VERSION "10.2.8"
| #define PACKAGE_STRING "ccfinderx 10.2.8"
| #define PACKAGE_BUGREPORT "radekg1000@gmail.com"
| #define PACKAGE_URL ""
| #define PACKAGE "ccfinderx"
| #define VERSION "10.2.8"
| #define STDC_HEADERS 1
| #define HAVE_SYS_TYPES_H 1
| #define HAVE_SYS_STAT_H 1
| #define HAVE_STDLIB_H 1
| #define HAVE_STRING_H 1
| #define HAVE_MEMORY_H 1
| #define HAVE_STRINGS_H 1
| #define HAVE_INTTYPES_H 1
| #define HAVE_STDINT_H 1
| #define HAVE_UNISTD_H 1
| #define HAVE_DLFCN_H 1
| #define LT_OBJDIR ".libs/"
| #define HAVE_LIBGOMP 1
| #define STDC_HEADERS 1
| #define HAVE_SYS_WAIT_H 1
| #define HAVE_STDDEF_H 1
| #define HAVE_STDLIB_H 1
| #define HAVE_STRING_H 1
| #define HAVE_STRINGS_H 1
| #define HAVE_UNISTD_H 1
| #define HAVE__BOOL 1
| #define HAVE_STDBOOL_H 1
| #define restrict __restrict
| #define HAVE_PTRDIFF_T 1
| #define HAVE_FORK 1
| #define HAVE_VFORK 1
| #define HAVE_WORKING_VFORK 1
| #define HAVE_WORKING_FORK 1
| #define HAVE_STDLIB_H 1
| #define HAVE_MALLOC 1
| #define LSTAT_FOLLOWS_SLASHED_SYMLINK 1
| #define HAVE_RMDIR 1
| #define HAVE_STRCASECMP 1
| #define HAVE_STRCHR 1
| #define HAVE_STRDUP 1
| #define HAVE_STRERROR 1
| #define HAVE_BOOST 1
| #define HAVE_BOOST_SYSTEM_ERROR_CODE_HPP 1
| /* end confdefs.h.  */
| #include <pthread.h>
| int
| main ()
| {
| pthread_t th; pthread_join(th, 0);
|     pthread_attr_init(0); pthread_cleanup_push(0, 0);
|     pthread_create(0,0,0,0); pthread_cleanup_pop(0);
|   ;
|   return 0;
| }
configure:17386: g++ -o conftest -g -O2 -std=c++0x -DSTD_CPP_0X   conftest.cpp -lgomp  -Kthread >&5
g++: error: unrecognized command line option '-Kthread'
configure:17386: $? = 1
configure: failed program was:
| /* confdefs.h */
| #define PACKAGE_NAME "ccfinderx"
| #define PACKAGE_TARNAME "ccfinderx"
| #define PACKAGE_VERSION "10.2.8"
| #define PACKAGE_STRING "ccfinderx 10.2.8"
| #define PACKAGE_BUGREPORT "radekg1000@gmail.com"
| #define PACKAGE_URL ""
| #define PACKAGE "ccfinderx"
| #define VERSION "10.2.8"
| #define STDC_HEADERS 1
| #define HAVE_SYS_TYPES_H 1
| #define HAVE_SYS_STAT_H 1
| #define HAVE_STDLIB_H 1
| #define HAVE_STRING_H 1
| #define HAVE_MEMORY_H 1
| #define HAVE_STRINGS_H 1
| #define HAVE_INTTYPES_H 1
| #define HAVE_STDINT_H 1
| #define HAVE_UNISTD_H 1
| #define HAVE_DLFCN_H 1
| #define LT_OBJDIR ".libs/"
| #define HAVE_LIBGOMP 1
| #define STDC_HEADERS 1
| #define HAVE_SYS_WAIT_H 1
| #define HAVE_STDDEF_H 1
| #define HAVE_STDLIB_H 1
| #define HAVE_STRING_H 1
| #define HAVE_STRINGS_H 1
| #define HAVE_UNISTD_H 1
| #define HAVE__BOOL 1
| #define HAVE_STDBOOL_H 1
| #define restrict __restrict
| #define HAVE_PTRDIFF_T 1
| #define HAVE_FORK 1
| #define HAVE_VFORK 1
| #define HAVE_WORKING_VFORK 1
| #define HAVE_WORKING_FORK 1
| #define HAVE_STDLIB_H 1
| #define HAVE_MALLOC 1
| #define LSTAT_FOLLOWS_SLASHED_SYMLINK 1
| #define HAVE_RMDIR 1
| #define HAVE_STRCASECMP 1
| #define HAVE_STRCHR 1
| #define HAVE_STRDUP 1
| #define HAVE_STRERROR 1
| #define HAVE_BOOST 1
| #define HAVE_BOOST_SYSTEM_ERROR_CODE_HPP 1
| /* end confdefs.h.  */
| #include <pthread.h>
| int
| main ()
| {
| pthread_t th; pthread_join(th, 0);
|     pthread_attr_init(0); pthread_cleanup_push(0, 0);
|     pthread_create(0,0,0,0); pthread_cleanup_pop(0);
|   ;
|   return 0;
| }
configure:17386: g++ -o conftest -g -O2 -std=c++0x -DSTD_CPP_0X   conftest.cpp -lgomp  -kthread >&5
g++: error: unrecognized command line option '-kthread'
configure:17386: $? = 1
configure: failed program was:
| /* confdefs.h */
| #define PACKAGE_NAME "ccfinderx"
| #define PACKAGE_TARNAME "ccfinderx"
| #define PACKAGE_VERSION "10.2.8"
| #define PACKAGE_STRING "ccfinderx 10.2.8"
| #define PACKAGE_BUGREPORT "radekg1000@gmail.com"
| #define PACKAGE_URL ""
| #define PACKAGE "ccfinderx"
| #define VERSION "10.2.8"
| #define STDC_HEADERS 1
| #define HAVE_SYS_TYPES_H 1
| #define HAVE_SYS_STAT_H 1
| #define HAVE_STDLIB_H 1
| #define HAVE_STRING_H 1
| #define HAVE_MEMORY_H 1
| #define HAVE_STRINGS_H 1
| #define HAVE_INTTYPES_H 1
| #define HAVE_STDINT_H 1
| #define HAVE_UNISTD_H 1
| #define HAVE_DLFCN_H 1
| #define LT_OBJDIR ".libs/"
| #define HAVE_LIBGOMP 1
| #define STDC_HEADERS 1
| #define HAVE_SYS_WAIT_H 1
| #define HAVE_STDDEF_H 1
| #define HAVE_STDLIB_H 1
| #define HAVE_STRING_H 1
| #define HAVE_STRINGS_H 1
| #define HAVE_UNISTD_H 1
| #define HAVE__BOOL 1
| #define HAVE_STDBOOL_H 1
| #define restrict __restrict
| #define HAVE_PTRDIFF_T 1
| #define HAVE_FORK 1
| #define HAVE_VFORK 1
| #define HAVE_WORKING_VFORK 1
| #define HAVE_WORKING_FORK 1
| #define HAVE_STDLIB_H 1
| #define HAVE_MALLOC 1
| #define LSTAT_FOLLOWS_SLASHED_SYMLINK 1
| #define HAVE_RMDIR 1
| #define HAVE_STRCASECMP 1
| #define HAVE_STRCHR 1
| #define HAVE_STRDUP 1
| #define HAVE_STRERROR 1
| #define HAVE_BOOST 1
| #define HAVE_BOOST_SYSTEM_ERROR_CODE_HPP 1
| /* end confdefs.h.  */
| #include <pthread.h>
| int
| main ()
| {
| pthread_t th; pthread_join(th, 0);
|     pthread_attr_init(0); pthread_cleanup_push(0, 0);
|     pthread_create(0,0,0,0); pthread_cleanup_pop(0);
|   ;
|   return 0;
| }
configure:17386: g++ -o conftest -g -O2 -std=c++0x -DSTD_CPP_0X   conftest.cpp -lgomp  -llthread >&5
conftest.cpp: In function 'int main()':
conftest.cpp:54:24: warning: null argument where non-null required (argument 1) [-Wnonnull]
     pthread_attr_init(0); pthread_cleanup_push(0, 0);
                        ^
conftest.cpp:55:27: warning: null argument where non-null required (argument 1) [-Wnonnull]
     pthread_create(0,0,0,0); pthread_cleanup_pop(0);
                           ^
conftest.cpp:55:27: warning: null argument where non-null required (argument 3) [-Wnonnull]
/usr/bin/ld: cannot find -llthread
collect2: error: ld returned 1 exit status
configure:17386: $? = 1
configure: failed program was:
| /* confdefs.h */
| #define PACKAGE_NAME "ccfinderx"
| #define PACKAGE_TARNAME "ccfinderx"
| #define PACKAGE_VERSION "10.2.8"
| #define PACKAGE_STRING "ccfinderx 10.2.8"
| #define PACKAGE_BUGREPORT "radekg1000@gmail.com"
| #define PACKAGE_URL ""
| #define PACKAGE "ccfinderx"
| #define VERSION "10.2.8"
| #define STDC_HEADERS 1
| #define HAVE_SYS_TYPES_H 1
| #define HAVE_SYS_STAT_H 1
| #define HAVE_STDLIB_H 1
| #define HAVE_STRING_H 1
| #define HAVE_MEMORY_H 1
| #define HAVE_STRINGS_H 1
| #define HAVE_INTTYPES_H 1
| #define HAVE_STDINT_H 1
| #define HAVE_UNISTD_H 1
| #define HAVE_DLFCN_H 1
| #define LT_OBJDIR ".libs/"
| #define HAVE_LIBGOMP 1
| #define STDC_HEADERS 1
| #define HAVE_SYS_WAIT_H 1
| #define HAVE_STDDEF_H 1
| #define HAVE_STDLIB_H 1
| #define HAVE_STRING_H 1
| #define HAVE_STRINGS_H 1
| #define HAVE_UNISTD_H 1
| #define HAVE__BOOL 1
| #define HAVE_STDBOOL_H 1
| #define restrict __restrict
| #define HAVE_PTRDIFF_T 1
| #define HAVE_FORK 1
| #define HAVE_VFORK 1
| #define HAVE_WORKING_VFORK 1
| #define HAVE_WORKING_FORK 1
| #define HAVE_STDLIB_H 1
| #define HAVE_MALLOC 1
| #define LSTAT_FOLLOWS_SLASHED_SYMLINK 1
| #define HAVE_RMDIR 1
| #define HAVE_STRCASECMP 1
| #define HAVE_STRCHR 1
| #define HAVE_STRDUP 1
| #define HAVE_STRERROR 1
| #define HAVE_BOOST 1
| #define HAVE_BOOST_SYSTEM_ERROR_CODE_HPP 1
| /* end confdefs.h.  */
| #include <pthread.h>
| int
| main ()
| {
| pthread_t th; pthread_join(th, 0);
|     pthread_attr_init(0); pthread_cleanup_push(0, 0);
|     pthread_create(0,0,0,0); pthread_cleanup_pop(0);
|   ;
|   return 0;
| }
configure:17386: g++ -o conftest -g -O2 -std=c++0x -DSTD_CPP_0X   conftest.cpp -lgomp  -pthread >&5
conftest.cpp: In function 'int main()':
conftest.cpp:54:24: warning: null argument where non-null required (argument 1) [-Wnonnull]
     pthread_attr_init(0); pthread_cleanup_push(0, 0);
                        ^
conftest.cpp:55:27: warning: null argument where non-null required (argument 1) [-Wnonnull]
     pthread_create(0,0,0,0); pthread_cleanup_pop(0);
                           ^
conftest.cpp:55:27: warning: null argument where non-null required (argument 3) [-Wnonnull]
configure:17386: $? = 0
configure:17400: result: -pthread
configure:17433: checking for boost/system/error_code.hpp
configure:17433: result: yes
configure:17460: checking for the Boost system library
configure:17608: result: yes
configure:17886: checking boost/thread.hpp usability
configure:17886: g++ -c -g -O2 -std=c++0x -DSTD_CPP_0X  -pthread  conftest.cpp >&5
configure:17886: $? = 0
configure:17886: result: yes
configure:17886: checking boost/thread.hpp presence
configure:17886: g++ -E  -pthread  conftest.cpp
configure:17886: $? = 0
configure:17886: result: yes
configure:17886: checking for boost/thread.hpp
configure:17886: result: yes
configure:17913: checking for the Boost thread library
configure:17955: g++ -c -g -O2 -std=c++0x -DSTD_CPP_0X  -pthread  conftest.cpp >&5
configure:17955: $? = 0
configure:18006: re-using the existing conftest.o
configure:18012: g++ -o conftest -g -O2 -std=c++0x -DSTD_CPP_0X  -pthread   -L/usr/local/lib -Wl,-R/usr/local/lib -L/usr/local/lib conftest.o -lboost_thread-gcc48-mt-1_54 -lgomp  -lboost_system -pthread >&5
/usr/bin/ld: cannot find -lboost_thread-gcc48-mt-1_54
collect2: error: ld returned 1 exit status
configure:18021: $? = 1
configure:18006: re-using the existing conftest.o
configure:18012: g++ -o conftest -g -O2 -std=c++0x -DSTD_CPP_0X  -pthread   -L/usr/local/lib -Wl,-R/usr/local/lib -L/usr/lib conftest.o -lboost_thread-gcc48-mt-1_54 -lgomp  -lboost_system -pthread >&5
/usr/bin/ld: cannot find -lboost_thread-gcc48-mt-1_54
collect2: error: ld returned 1 exit status
configure:18021: $? = 1
configure:18006: re-using the existing conftest.o
configure:18012: g++ -o conftest -g -O2 -std=c++0x -DSTD_CPP_0X  -pthread   -L/usr/local/lib -Wl,-R/usr/local/lib -L/lib conftest.o -lboost_thread-gcc48-mt-1_54 -lgomp  -lboost_system -pthread >&5
/usr/bin/ld: cannot find -lboost_thread-gcc48-mt-1_54
collect2: error: ld returned 1 exit status
configure:18021: $? = 1
configure:18006: re-using the existing conftest.o
configure:18012: g++ -o conftest -g -O2 -std=c++0x -DSTD_CPP_0X  -pthread   -L/usr/local/lib -Wl,-R/usr/local/lib -L/lib64 conftest.o -lboost_thread-gcc48-mt-1_54 -lgomp  -lboost_system -pthread >&5
/usr/bin/ld: cannot find -lboost_thread-gcc48-mt-1_54
collect2: error: ld returned 1 exit status
configure:18021: $? = 1
configure:18006: re-using the existing conftest.o
configure:18012: g++ -o conftest -g -O2 -std=c++0x -DSTD_CPP_0X  -pthread   -L/usr/local/lib -Wl,-R/usr/local/lib -L/usr/local/lib conftest.o -lboost_thread-gcc48-1_54 -lgomp  -lboost_system -pthread >&5
/usr/bin/ld: cannot find -lboost_thread-gcc48-1_54
collect2: error: ld returned 1 exit status
configure:18021: $? = 1
configure:18006: re-using the existing conftest.o
configure:18012: g++ -o conftest -g -O2 -std=c++0x -DSTD_CPP_0X  -pthread   -L/usr/local/lib -Wl,-R/usr/local/lib -L/usr/lib conftest.o -lboost_thread-gcc48-1_54 -lgomp  -lboost_system -pthread >&5
/usr/bin/ld: cannot find -lboost_thread-gcc48-1_54
collect2: error: ld returned 1 exit status
configure:18021: $? = 1
configure:18006: re-using the existing conftest.o
configure:18012: g++ -o conftest -g -O2 -std=c++0x -DSTD_CPP_0X  -pthread   -L/usr/local/lib -Wl,-R/usr/local/lib -L/lib conftest.o -lboost_thread-gcc48-1_54 -lgomp  -lboost_system -pthread >&5
/usr/bin/ld: cannot find -lboost_thread-gcc48-1_54
collect2: error: ld returned 1 exit status
configure:18021: $? = 1
configure:18006: re-using the existing conftest.o
configure:18012: g++ -o conftest -g -O2 -std=c++0x -DSTD_CPP_0X  -pthread   -L/usr/local/lib -Wl,-R/usr/local/lib -L/lib64 conftest.o -lboost_thread-gcc48-1_54 -lgomp  -lboost_system -pthread >&5
/usr/bin/ld: cannot find -lboost_thread-gcc48-1_54
collect2: error: ld returned 1 exit status
configure:18021: $? = 1
configure:18006: re-using the existing conftest.o
configure:18012: g++ -o conftest -g -O2 -std=c++0x -DSTD_CPP_0X  -pthread   -L/usr/local/lib -Wl,-R/usr/local/lib -L/usr/local/lib conftest.o -lboost_thread-gcc48-mt-d-1_54 -lgomp  -lboost_system -pthread >&5
/usr/bin/ld: cannot find -lboost_thread-gcc48-mt-d-1_54
collect2: error: ld returned 1 exit status
configure:18021: $? = 1
configure:18006: re-using the existing conftest.o
configure:18012: g++ -o conftest -g -O2 -std=c++0x -DSTD_CPP_0X  -pthread   -L/usr/local/lib -Wl,-R/usr/local/lib -L/usr/lib conftest.o -lboost_thread-gcc48-mt-d-1_54 -lgomp  -lboost_system -pthread >&5
/usr/bin/ld: cannot find -lboost_thread-gcc48-mt-d-1_54
collect2: error: ld returned 1 exit status
configure:18021: $? = 1
configure:18006: re-using the existing conftest.o
configure:18012: g++ -o conftest -g -O2 -std=c++0x -DSTD_CPP_0X  -pthread   -L/usr/local/lib -Wl,-R/usr/local/lib -L/lib conftest.o -lboost_thread-gcc48-mt-d-1_54 -lgomp  -lboost_system -pthread >&5
/usr/bin/ld: cannot find -lboost_thread-gcc48-mt-d-1_54
collect2: error: ld returned 1 exit status
configure:18021: $? = 1
configure:18006: re-using the existing conftest.o
configure:18012: g++ -o conftest -g -O2 -std=c++0x -DSTD_CPP_0X  -pthread   -L/usr/local/lib -Wl,-R/usr/local/lib -L/lib64 conftest.o -lboost_thread-gcc48-mt-d-1_54 -lgomp  -lboost_system -pthread >&5
/usr/bin/ld: cannot find -lboost_thread-gcc48-mt-d-1_54
collect2: error: ld returned 1 exit status
configure:18021: $? = 1
configure:18006: re-using the existing conftest.o
configure:18012: g++ -o conftest -g -O2 -std=c++0x -DSTD_CPP_0X  -pthread   -L/usr/local/lib -Wl,-R/usr/local/lib -L/usr/local/lib conftest.o -lboost_thread-gcc48-d-1_54 -lgomp  -lboost_system -pthread >&5
/usr/bin/ld: cannot find -lboost_thread-gcc48-d-1_54
collect2: error: ld returned 1 exit status
configure:18021: $? = 1
configure:18006: re-using the existing conftest.o
configure:18012: g++ -o conftest -g -O2 -std=c++0x -DSTD_CPP_0X  -pthread   -L/usr/local/lib -Wl,-R/usr/local/lib -L/usr/lib conftest.o -lboost_thread-gcc48-d-1_54 -lgomp  -lboost_system -pthread >&5
/usr/bin/ld: cannot find -lboost_thread-gcc48-d-1_54
collect2: error: ld returned 1 exit status
configure:18021: $? = 1
configure:18006: re-using the existing conftest.o
configure:18012: g++ -o conftest -g -O2 -std=c++0x -DSTD_CPP_0X  -pthread   -L/usr/local/lib -Wl,-R/usr/local/lib -L/lib conftest.o -lboost_thread-gcc48-d-1_54 -lgomp  -lboost_system -pthread >&5
/usr/bin/ld: cannot find -lboost_thread-gcc48-d-1_54
collect2: error: ld returned 1 exit status
configure:18021: $? = 1
configure:18006: re-using the existing conftest.o
configure:18012: g++ -o conftest -g -O2 -std=c++0x -DSTD_CPP_0X  -pthread   -L/usr/local/lib -Wl,-R/usr/local/lib -L/lib64 conftest.o -lboost_thread-gcc48-d-1_54 -lgomp  -lboost_system -pthread >&5
/usr/bin/ld: cannot find -lboost_thread-gcc48-d-1_54
collect2: error: ld returned 1 exit status
configure:18021: $? = 1
configure:18006: re-using the existing conftest.o
configure:18012: g++ -o conftest -g -O2 -std=c++0x -DSTD_CPP_0X  -pthread   -L/usr/local/lib -Wl,-R/usr/local/lib -L/usr/local/lib conftest.o -lboost_thread-gcc48-mt -lgomp  -lboost_system -pthread >&5
/usr/bin/ld: cannot find -lboost_thread-gcc48-mt
collect2: error: ld returned 1 exit status
configure:18021: $? = 1
configure:18006: re-using the existing conftest.o
configure:18012: g++ -o conftest -g -O2 -std=c++0x -DSTD_CPP_0X  -pthread   -L/usr/local/lib -Wl,-R/usr/local/lib -L/usr/lib conftest.o -lboost_thread-gcc48-mt -lgomp  -lboost_system -pthread >&5
/usr/bin/ld: cannot find -lboost_thread-gcc48-mt
collect2: error: ld returned 1 exit status
configure:18021: $? = 1
configure:18006: re-using the existing conftest.o
configure:18012: g++ -o conftest -g -O2 -std=c++0x -DSTD_CPP_0X  -pthread   -L/usr/local/lib -Wl,-R/usr/local/lib -L/lib conftest.o -lboost_thread-gcc48-mt -lgomp  -lboost_system -pthread >&5
/usr/bin/ld: cannot find -lboost_thread-gcc48-mt
collect2: error: ld returned 1 exit status
configure:18021: $? = 1
configure:18006: re-using the existing conftest.o
configure:18012: g++ -o conftest -g -O2 -std=c++0x -DSTD_CPP_0X  -pthread   -L/usr/local/lib -Wl,-R/usr/local/lib -L/lib64 conftest.o -lboost_thread-gcc48-mt -lgomp  -lboost_system -pthread >&5
/usr/bin/ld: cannot find -lboost_thread-gcc48-mt
collect2: error: ld returned 1 exit status
configure:18021: $? = 1
configure:18006: re-using the existing conftest.o
configure:18012: g++ -o conftest -g -O2 -std=c++0x -DSTD_CPP_0X  -pthread   -L/usr/local/lib -Wl,-R/usr/local/lib -L/usr/local/lib conftest.o -lboost_thread-gcc48 -lgomp  -lboost_system -pthread >&5
/usr/bin/ld: cannot find -lboost_thread-gcc48
collect2: error: ld returned 1 exit status
configure:18021: $? = 1
configure:18006: re-using the existing conftest.o
configure:18012: g++ -o conftest -g -O2 -std=c++0x -DSTD_CPP_0X  -pthread   -L/usr/local/lib -Wl,-R/usr/local/lib -L/usr/lib conftest.o -lboost_thread-gcc48 -lgomp  -lboost_system -pthread >&5
/usr/bin/ld: cannot find -lboost_thread-gcc48
collect2: error: ld returned 1 exit status
configure:18021: $? = 1
configure:18006: re-using the existing conftest.o
configure:18012: g++ -o conftest -g -O2 -std=c++0x -DSTD_CPP_0X  -pthread   -L/usr/local/lib -Wl,-R/usr/local/lib -L/lib conftest.o -lboost_thread-gcc48 -lgomp  -lboost_system -pthread >&5
/usr/bin/ld: cannot find -lboost_thread-gcc48
collect2: error: ld returned 1 exit status
configure:18021: $? = 1
configure:18006: re-using the existing conftest.o
configure:18012: g++ -o conftest -g -O2 -std=c++0x -DSTD_CPP_0X  -pthread   -L/usr/local/lib -Wl,-R/usr/local/lib -L/lib64 conftest.o -lboost_thread-gcc48 -lgomp  -lboost_system -pthread >&5
/usr/bin/ld: cannot find -lboost_thread-gcc48
collect2: error: ld returned 1 exit status
configure:18021: $? = 1
configure:18006: re-using the existing conftest.o
configure:18012: g++ -o conftest -g -O2 -std=c++0x -DSTD_CPP_0X  -pthread   -L/usr/local/lib -Wl,-R/usr/local/lib -L/usr/local/lib conftest.o -lboost_thread-gcc48-mt-d -lgomp  -lboost_system -pthread >&5
/usr/bin/ld: cannot find -lboost_thread-gcc48-mt-d
collect2: error: ld returned 1 exit status
configure:18021: $? = 1
configure:18006: re-using the existing conftest.o
configure:18012: g++ -o conftest -g -O2 -std=c++0x -DSTD_CPP_0X  -pthread   -L/usr/local/lib -Wl,-R/usr/local/lib -L/usr/lib conftest.o -lboost_thread-gcc48-mt-d -lgomp  -lboost_system -pthread >&5
/usr/bin/ld: cannot find -lboost_thread-gcc48-mt-d
collect2: error: ld returned 1 exit status
configure:18021: $? = 1
configure:18006: re-using the existing conftest.o
configure:18012: g++ -o conftest -g -O2 -std=c++0x -DSTD_CPP_0X  -pthread   -L/usr/local/lib -Wl,-R/usr/local/lib -L/lib conftest.o -lboost_thread-gcc48-mt-d -lgomp  -lboost_system -pthread >&5
/usr/bin/ld: cannot find -lboost_thread-gcc48-mt-d
collect2: error: ld returned 1 exit status
configure:18021: $? = 1
configure:18006: re-using the existing conftest.o
configure:18012: g++ -o conftest -g -O2 -std=c++0x -DSTD_CPP_0X  -pthread   -L/usr/local/lib -Wl,-R/usr/local/lib -L/lib64 conftest.o -lboost_thread-gcc48-mt-d -lgomp  -lboost_system -pthread >&5
/usr/bin/ld: cannot find -lboost_thread-gcc48-mt-d
collect2: error: ld returned 1 exit status
configure:18021: $? = 1
configure:18006: re-using the existing conftest.o
configure:18012: g++ -o conftest -g -O2 -std=c++0x -DSTD_CPP_0X  -pthread   -L/usr/local/lib -Wl,-R/usr/local/lib -L/usr/local/lib conftest.o -lboost_thread-gcc48-d -lgomp  -lboost_system -pthread >&5
/usr/bin/ld: cannot find -lboost_thread-gcc48-d
collect2: error: ld returned 1 exit status
configure:18021: $? = 1
configure:18006: re-using the existing conftest.o
configure:18012: g++ -o conftest -g -O2 -std=c++0x -DSTD_CPP_0X  -pthread   -L/usr/local/lib -Wl,-R/usr/local/lib -L/usr/lib conftest.o -lboost_thread-gcc48-d -lgomp  -lboost_system -pthread >&5
/usr/bin/ld: cannot find -lboost_thread-gcc48-d
collect2: error: ld returned 1 exit status
configure:18021: $? = 1
configure:18006: re-using the existing conftest.o
configure:18012: g++ -o conftest -g -O2 -std=c++0x -DSTD_CPP_0X  -pthread   -L/usr/local/lib -Wl,-R/usr/local/lib -L/lib conftest.o -lboost_thread-gcc48-d -lgomp  -lboost_system -pthread >&5
/usr/bin/ld: cannot find -lboost_thread-gcc48-d
collect2: error: ld returned 1 exit status
configure:18021: $? = 1
configure:18006: re-using the existing conftest.o
configure:18012: g++ -o conftest -g -O2 -std=c++0x -DSTD_CPP_0X  -pthread   -L/usr/local/lib -Wl,-R/usr/local/lib -L/lib64 conftest.o -lboost_thread-gcc48-d -lgomp  -lboost_system -pthread >&5
/usr/bin/ld: cannot find -lboost_thread-gcc48-d
collect2: error: ld returned 1 exit status
configure:18021: $? = 1
configure:18006: re-using the existing conftest.o
configure:18012: g++ -o conftest -g -O2 -std=c++0x -DSTD_CPP_0X  -pthread   -L/usr/local/lib -Wl,-R/usr/local/lib -L/usr/local/lib conftest.o -lboost_thread-gcc-mt-1_54 -lgomp  -lboost_system -pthread >&5
/usr/bin/ld: cannot find -lboost_thread-gcc-mt-1_54
collect2: error: ld returned 1 exit status
configure:18021: $? = 1
configure:18006: re-using the existing conftest.o
configure:18012: g++ -o conftest -g -O2 -std=c++0x -DSTD_CPP_0X  -pthread   -L/usr/local/lib -Wl,-R/usr/local/lib -L/usr/lib conftest.o -lboost_thread-gcc-mt-1_54 -lgomp  -lboost_system -pthread >&5
/usr/bin/ld: cannot find -lboost_thread-gcc-mt-1_54
collect2: error: ld returned 1 exit status
configure:18021: $? = 1
configure:18006: re-using the existing conftest.o
configure:18012: g++ -o conftest -g -O2 -std=c++0x -DSTD_CPP_0X  -pthread   -L/usr/local/lib -Wl,-R/usr/local/lib -L/lib conftest.o -lboost_thread-gcc-mt-1_54 -lgomp  -lboost_system -pthread >&5
/usr/bin/ld: cannot find -lboost_thread-gcc-mt-1_54
collect2: error: ld returned 1 exit status
configure:18021: $? = 1
configure:18006: re-using the existing conftest.o
configure:18012: g++ -o conftest -g -O2 -std=c++0x -DSTD_CPP_0X  -pthread   -L/usr/local/lib -Wl,-R/usr/local/lib -L/lib64 conftest.o -lboost_thread-gcc-mt-1_54 -lgomp  -lboost_system -pthread >&5
/usr/bin/ld: cannot find -lboost_thread-gcc-mt-1_54
collect2: error: ld returned 1 exit status
configure:18021: $? = 1
configure:18006: re-using the existing conftest.o
configure:18012: g++ -o conftest -g -O2 -std=c++0x -DSTD_CPP_0X  -pthread   -L/usr/local/lib -Wl,-R/usr/local/lib -L/usr/local/lib conftest.o -lboost_thread-gcc-1_54 -lgomp  -lboost_system -pthread >&5
/usr/bin/ld: cannot find -lboost_thread-gcc-1_54
collect2: error: ld returned 1 exit status
configure:18021: $? = 1
configure:18006: re-using the existing conftest.o
configure:18012: g++ -o conftest -g -O2 -std=c++0x -DSTD_CPP_0X  -pthread   -L/usr/local/lib -Wl,-R/usr/local/lib -L/usr/lib conftest.o -lboost_thread-gcc-1_54 -lgomp  -lboost_system -pthread >&5
/usr/bin/ld: cannot find -lboost_thread-gcc-1_54
collect2: error: ld returned 1 exit status
configure:18021: $? = 1
configure:18006: re-using the existing conftest.o
configure:18012: g++ -o conftest -g -O2 -std=c++0x -DSTD_CPP_0X  -pthread   -L/usr/local/lib -Wl,-R/usr/local/lib -L/lib conftest.o -lboost_thread-gcc-1_54 -lgomp  -lboost_system -pthread >&5
/usr/bin/ld: cannot find -lboost_thread-gcc-1_54
collect2: error: ld returned 1 exit status
configure:18021: $? = 1
configure:18006: re-using the existing conftest.o
configure:18012: g++ -o conftest -g -O2 -std=c++0x -DSTD_CPP_0X  -pthread   -L/usr/local/lib -Wl,-R/usr/local/lib -L/lib64 conftest.o -lboost_thread-gcc-1_54 -lgomp  -lboost_system -pthread >&5
/usr/bin/ld: cannot find -lboost_thread-gcc-1_54
collect2: error: ld returned 1 exit status
configure:18021: $? = 1
configure:18006: re-using the existing conftest.o
configure:18012: g++ -o conftest -g -O2 -std=c++0x -DSTD_CPP_0X  -pthread   -L/usr/local/lib -Wl,-R/usr/local/lib -L/usr/local/lib conftest.o -lboost_thread-gcc-mt-d-1_54 -lgomp  -lboost_system -pthread >&5
/usr/bin/ld: cannot find -lboost_thread-gcc-mt-d-1_54
collect2: error: ld returned 1 exit status
configure:18021: $? = 1
configure:18006: re-using the existing conftest.o
configure:18012: g++ -o conftest -g -O2 -std=c++0x -DSTD_CPP_0X  -pthread   -L/usr/local/lib -Wl,-R/usr/local/lib -L/usr/lib conftest.o -lboost_thread-gcc-mt-d-1_54 -lgomp  -lboost_system -pthread >&5
/usr/bin/ld: cannot find -lboost_thread-gcc-mt-d-1_54
collect2: error: ld returned 1 exit status
configure:18021: $? = 1
configure:18006: re-using the existing conftest.o
configure:18012: g++ -o conftest -g -O2 -std=c++0x -DSTD_CPP_0X  -pthread   -L/usr/local/lib -Wl,-R/usr/local/lib -L/lib conftest.o -lboost_thread-gcc-mt-d-1_54 -lgomp  -lboost_system -pthread >&5
/usr/bin/ld: cannot find -lboost_thread-gcc-mt-d-1_54
collect2: error: ld returned 1 exit status
configure:18021: $? = 1
configure:18006: re-using the existing conftest.o
configure:18012: g++ -o conftest -g -O2 -std=c++0x -DSTD_CPP_0X  -pthread   -L/usr/local/lib -Wl,-R/usr/local/lib -L/lib64 conftest.o -lboost_thread-gcc-mt-d-1_54 -lgomp  -lboost_system -pthread >&5
/usr/bin/ld: cannot find -lboost_thread-gcc-mt-d-1_54
collect2: error: ld returned 1 exit status
configure:18021: $? = 1
configure:18006: re-using the existing conftest.o
configure:18012: g++ -o conftest -g -O2 -std=c++0x -DSTD_CPP_0X  -pthread   -L/usr/local/lib -Wl,-R/usr/local/lib -L/usr/local/lib conftest.o -lboost_thread-gcc-d-1_54 -lgomp  -lboost_system -pthread >&5
/usr/bin/ld: cannot find -lboost_thread-gcc-d-1_54
collect2: error: ld returned 1 exit status
configure:18021: $? = 1
configure:18006: re-using the existing conftest.o
configure:18012: g++ -o conftest -g -O2 -std=c++0x -DSTD_CPP_0X  -pthread   -L/usr/local/lib -Wl,-R/usr/local/lib -L/usr/lib conftest.o -lboost_thread-gcc-d-1_54 -lgomp  -lboost_system -pthread >&5
/usr/bin/ld: cannot find -lboost_thread-gcc-d-1_54
collect2: error: ld returned 1 exit status
configure:18021: $? = 1
configure:18006: re-using the existing conftest.o
configure:18012: g++ -o conftest -g -O2 -std=c++0x -DSTD_CPP_0X  -pthread   -L/usr/local/lib -Wl,-R/usr/local/lib -L/lib conftest.o -lboost_thread-gcc-d-1_54 -lgomp  -lboost_system -pthread >&5
/usr/bin/ld: cannot find -lboost_thread-gcc-d-1_54
collect2: error: ld returned 1 exit status
configure:18021: $? = 1
configure:18006: re-using the existing conftest.o
configure:18012: g++ -o conftest -g -O2 -std=c++0x -DSTD_CPP_0X  -pthread   -L/usr/local/lib -Wl,-R/usr/local/lib -L/lib64 conftest.o -lboost_thread-gcc-d-1_54 -lgomp  -lboost_system -pthread >&5
/usr/bin/ld: cannot find -lboost_thread-gcc-d-1_54
collect2: error: ld returned 1 exit status
configure:18021: $? = 1
configure:18006: re-using the existing conftest.o
configure:18012: g++ -o conftest -g -O2 -std=c++0x -DSTD_CPP_0X  -pthread   -L/usr/local/lib -Wl,-R/usr/local/lib -L/usr/local/lib conftest.o -lboost_thread-gcc-mt -lgomp  -lboost_system -pthread >&5
/usr/bin/ld: cannot find -lboost_thread-gcc-mt
collect2: error: ld returned 1 exit status
configure:18021: $? = 1
configure:18006: re-using the existing conftest.o
configure:18012: g++ -o conftest -g -O2 -std=c++0x -DSTD_CPP_0X  -pthread   -L/usr/local/lib -Wl,-R/usr/local/lib -L/usr/lib conftest.o -lboost_thread-gcc-mt -lgomp  -lboost_system -pthread >&5
/usr/bin/ld: cannot find -lboost_thread-gcc-mt
collect2: error: ld returned 1 exit status
configure:18021: $? = 1
configure:18006: re-using the existing conftest.o
configure:18012: g++ -o conftest -g -O2 -std=c++0x -DSTD_CPP_0X  -pthread   -L/usr/local/lib -Wl,-R/usr/local/lib -L/lib conftest.o -lboost_thread-gcc-mt -lgomp  -lboost_system -pthread >&5
/usr/bin/ld: cannot find -lboost_thread-gcc-mt
collect2: error: ld returned 1 exit status
configure:18021: $? = 1
configure:18006: re-using the existing conftest.o
configure:18012: g++ -o conftest -g -O2 -std=c++0x -DSTD_CPP_0X  -pthread   -L/usr/local/lib -Wl,-R/usr/local/lib -L/lib64 conftest.o -lboost_thread-gcc-mt -lgomp  -lboost_system -pthread >&5
/usr/bin/ld: cannot find -lboost_thread-gcc-mt
collect2: error: ld returned 1 exit status
configure:18021: $? = 1
configure:18006: re-using the existing conftest.o
configure:18012: g++ -o conftest -g -O2 -std=c++0x -DSTD_CPP_0X  -pthread   -L/usr/local/lib -Wl,-R/usr/local/lib -L/usr/local/lib conftest.o -lboost_thread-gcc -lgomp  -lboost_system -pthread >&5
/usr/bin/ld: cannot find -lboost_thread-gcc
collect2: error: ld returned 1 exit status
configure:18021: $? = 1
configure:18006: re-using the existing conftest.o
configure:18012: g++ -o conftest -g -O2 -std=c++0x -DSTD_CPP_0X  -pthread   -L/usr/local/lib -Wl,-R/usr/local/lib -L/usr/lib conftest.o -lboost_thread-gcc -lgomp  -lboost_system -pthread >&5
/usr/bin/ld: cannot find -lboost_thread-gcc
collect2: error: ld returned 1 exit status
configure:18021: $? = 1
configure:18006: re-using the existing conftest.o
configure:18012: g++ -o conftest -g -O2 -std=c++0x -DSTD_CPP_0X  -pthread   -L/usr/local/lib -Wl,-R/usr/local/lib -L/lib conftest.o -lboost_thread-gcc -lgomp  -lboost_system -pthread >&5
/usr/bin/ld: cannot find -lboost_thread-gcc
collect2: error: ld returned 1 exit status
configure:18021: $? = 1
configure:18006: re-using the existing conftest.o
configure:18012: g++ -o conftest -g -O2 -std=c++0x -DSTD_CPP_0X  -pthread   -L/usr/local/lib -Wl,-R/usr/local/lib -L/lib64 conftest.o -lboost_thread-gcc -lgomp  -lboost_system -pthread >&5
/usr/bin/ld: cannot find -lboost_thread-gcc
collect2: error: ld returned 1 exit status
configure:18021: $? = 1
configure:18006: re-using the existing conftest.o
configure:18012: g++ -o conftest -g -O2 -std=c++0x -DSTD_CPP_0X  -pthread   -L/usr/local/lib -Wl,-R/usr/local/lib -L/usr/local/lib conftest.o -lboost_thread-gcc-mt-d -lgomp  -lboost_system -pthread >&5
/usr/bin/ld: cannot find -lboost_thread-gcc-mt-d
collect2: error: ld returned 1 exit status
configure:18021: $? = 1
configure:18006: re-using the existing conftest.o
configure:18012: g++ -o conftest -g -O2 -std=c++0x -DSTD_CPP_0X  -pthread   -L/usr/local/lib -Wl,-R/usr/local/lib -L/usr/lib conftest.o -lboost_thread-gcc-mt-d -lgomp  -lboost_system -pthread >&5
/usr/bin/ld: cannot find -lboost_thread-gcc-mt-d
collect2: error: ld returned 1 exit status
configure:18021: $? = 1
configure:18006: re-using the existing conftest.o
configure:18012: g++ -o conftest -g -O2 -std=c++0x -DSTD_CPP_0X  -pthread   -L/usr/local/lib -Wl,-R/usr/local/lib -L/lib conftest.o -lboost_thread-gcc-mt-d -lgomp  -lboost_system -pthread >&5
/usr/bin/ld: cannot find -lboost_thread-gcc-mt-d
collect2: error: ld returned 1 exit status
configure:18021: $? = 1
configure:18006: re-using the existing conftest.o
configure:18012: g++ -o conftest -g -O2 -std=c++0x -DSTD_CPP_0X  -pthread   -L/usr/local/lib -Wl,-R/usr/local/lib -L/lib64 conftest.o -lboost_thread-gcc-mt-d -lgomp  -lboost_system -pthread >&5
/usr/bin/ld: cannot find -lboost_thread-gcc-mt-d
collect2: error: ld returned 1 exit status
configure:18021: $? = 1
configure:18006: re-using the existing conftest.o
configure:18012: g++ -o conftest -g -O2 -std=c++0x -DSTD_CPP_0X  -pthread   -L/usr/local/lib -Wl,-R/usr/local/lib -L/usr/local/lib conftest.o -lboost_thread-gcc-d -lgomp  -lboost_system -pthread >&5
/usr/bin/ld: cannot find -lboost_thread-gcc-d
collect2: error: ld returned 1 exit status
configure:18021: $? = 1
configure:18006: re-using the existing conftest.o
configure:18012: g++ -o conftest -g -O2 -std=c++0x -DSTD_CPP_0X  -pthread   -L/usr/local/lib -Wl,-R/usr/local/lib -L/usr/lib conftest.o -lboost_thread-gcc-d -lgomp  -lboost_system -pthread >&5
/usr/bin/ld: cannot find -lboost_thread-gcc-d
collect2: error: ld returned 1 exit status
configure:18021: $? = 1
configure:18006: re-using the existing conftest.o
configure:18012: g++ -o conftest -g -O2 -std=c++0x -DSTD_CPP_0X  -pthread   -L/usr/local/lib -Wl,-R/usr/local/lib -L/lib conftest.o -lboost_thread-gcc-d -lgomp  -lboost_system -pthread >&5
/usr/bin/ld: cannot find -lboost_thread-gcc-d
collect2: error: ld returned 1 exit status
configure:18021: $? = 1
configure:18006: re-using the existing conftest.o
configure:18012: g++ -o conftest -g -O2 -std=c++0x -DSTD_CPP_0X  -pthread   -L/usr/local/lib -Wl,-R/usr/local/lib -L/lib64 conftest.o -lboost_thread-gcc-d -lgomp  -lboost_system -pthread >&5
/usr/bin/ld: cannot find -lboost_thread-gcc-d
collect2: error: ld returned 1 exit status
configure:18021: $? = 1
configure:18006: re-using the existing conftest.o
configure:18012: g++ -o conftest -g -O2 -std=c++0x -DSTD_CPP_0X  -pthread   -L/usr/local/lib -Wl,-R/usr/local/lib -L/usr/local/lib conftest.o -lboost_thread-mt-1_54 -lgomp  -lboost_system -pthread >&5
/usr/bin/ld: cannot find -lboost_thread-mt-1_54
collect2: error: ld returned 1 exit status
configure:18021: $? = 1
configure:18006: re-using the existing conftest.o
configure:18012: g++ -o conftest -g -O2 -std=c++0x -DSTD_CPP_0X  -pthread   -L/usr/local/lib -Wl,-R/usr/local/lib -L/usr/lib conftest.o -lboost_thread-mt-1_54 -lgomp  -lboost_system -pthread >&5
/usr/bin/ld: cannot find -lboost_thread-mt-1_54
collect2: error: ld returned 1 exit status
configure:18021: $? = 1
configure:18006: re-using the existing conftest.o
configure:18012: g++ -o conftest -g -O2 -std=c++0x -DSTD_CPP_0X  -pthread   -L/usr/local/lib -Wl,-R/usr/local/lib -L/lib conftest.o -lboost_thread-mt-1_54 -lgomp  -lboost_system -pthread >&5
/usr/bin/ld: cannot find -lboost_thread-mt-1_54
collect2: error: ld returned 1 exit status
configure:18021: $? = 1
configure:18006: re-using the existing conftest.o
configure:18012: g++ -o conftest -g -O2 -std=c++0x -DSTD_CPP_0X  -pthread   -L/usr/local/lib -Wl,-R/usr/local/lib -L/lib64 conftest.o -lboost_thread-mt-1_54 -lgomp  -lboost_system -pthread >&5
/usr/bin/ld: cannot find -lboost_thread-mt-1_54
collect2: error: ld returned 1 exit status
configure:18021: $? = 1
configure:18006: re-using the existing conftest.o
configure:18012: g++ -o conftest -g -O2 -std=c++0x -DSTD_CPP_0X  -pthread   -L/usr/local/lib -Wl,-R/usr/local/lib -L/usr/local/lib conftest.o -lboost_thread-1_54 -lgomp  -lboost_system -pthread >&5
/usr/bin/ld: cannot find -lboost_thread-1_54
collect2: error: ld returned 1 exit status
configure:18021: $? = 1
configure:18006: re-using the existing conftest.o
configure:18012: g++ -o conftest -g -O2 -std=c++0x -DSTD_CPP_0X  -pthread   -L/usr/local/lib -Wl,-R/usr/local/lib -L/usr/lib conftest.o -lboost_thread-1_54 -lgomp  -lboost_system -pthread >&5
/usr/bin/ld: cannot find -lboost_thread-1_54
collect2: error: ld returned 1 exit status
configure:18021: $? = 1
configure:18006: re-using the existing conftest.o
configure:18012: g++ -o conftest -g -O2 -std=c++0x -DSTD_CPP_0X  -pthread   -L/usr/local/lib -Wl,-R/usr/local/lib -L/lib conftest.o -lboost_thread-1_54 -lgomp  -lboost_system -pthread >&5
/usr/bin/ld: cannot find -lboost_thread-1_54
collect2: error: ld returned 1 exit status
configure:18021: $? = 1
configure:18006: re-using the existing conftest.o
configure:18012: g++ -o conftest -g -O2 -std=c++0x -DSTD_CPP_0X  -pthread   -L/usr/local/lib -Wl,-R/usr/local/lib -L/lib64 conftest.o -lboost_thread-1_54 -lgomp  -lboost_system -pthread >&5
/usr/bin/ld: cannot find -lboost_thread-1_54
collect2: error: ld returned 1 exit status
configure:18021: $? = 1
configure:18006: re-using the existing conftest.o
configure:18012: g++ -o conftest -g -O2 -std=c++0x -DSTD_CPP_0X  -pthread   -L/usr/local/lib -Wl,-R/usr/local/lib -L/usr/local/lib conftest.o -lboost_thread-mt-d-1_54 -lgomp  -lboost_system -pthread >&5
/usr/bin/ld: cannot find -lboost_thread-mt-d-1_54
collect2: error: ld returned 1 exit status
configure:18021: $? = 1
configure:18006: re-using the existing conftest.o
configure:18012: g++ -o conftest -g -O2 -std=c++0x -DSTD_CPP_0X  -pthread   -L/usr/local/lib -Wl,-R/usr/local/lib -L/usr/lib conftest.o -lboost_thread-mt-d-1_54 -lgomp  -lboost_system -pthread >&5
/usr/bin/ld: cannot find -lboost_thread-mt-d-1_54
collect2: error: ld returned 1 exit status
configure:18021: $? = 1
configure:18006: re-using the existing conftest.o
configure:18012: g++ -o conftest -g -O2 -std=c++0x -DSTD_CPP_0X  -pthread   -L/usr/local/lib -Wl,-R/usr/local/lib -L/lib conftest.o -lboost_thread-mt-d-1_54 -lgomp  -lboost_system -pthread >&5
/usr/bin/ld: cannot find -lboost_thread-mt-d-1_54
collect2: error: ld returned 1 exit status
configure:18021: $? = 1
configure:18006: re-using the existing conftest.o
configure:18012: g++ -o conftest -g -O2 -std=c++0x -DSTD_CPP_0X  -pthread   -L/usr/local/lib -Wl,-R/usr/local/lib -L/lib64 conftest.o -lboost_thread-mt-d-1_54 -lgomp  -lboost_system -pthread >&5
/usr/bin/ld: cannot find -lboost_thread-mt-d-1_54
collect2: error: ld returned 1 exit status
configure:18021: $? = 1
configure:18006: re-using the existing conftest.o
configure:18012: g++ -o conftest -g -O2 -std=c++0x -DSTD_CPP_0X  -pthread   -L/usr/local/lib -Wl,-R/usr/local/lib -L/usr/local/lib conftest.o -lboost_thread-d-1_54 -lgomp  -lboost_system -pthread >&5
/usr/bin/ld: cannot find -lboost_thread-d-1_54
collect2: error: ld returned 1 exit status
configure:18021: $? = 1
configure:18006: re-using the existing conftest.o
configure:18012: g++ -o conftest -g -O2 -std=c++0x -DSTD_CPP_0X  -pthread   -L/usr/local/lib -Wl,-R/usr/local/lib -L/usr/lib conftest.o -lboost_thread-d-1_54 -lgomp  -lboost_system -pthread >&5
/usr/bin/ld: cannot find -lboost_thread-d-1_54
collect2: error: ld returned 1 exit status
configure:18021: $? = 1
configure:18006: re-using the existing conftest.o
configure:18012: g++ -o conftest -g -O2 -std=c++0x -DSTD_CPP_0X  -pthread   -L/usr/local/lib -Wl,-R/usr/local/lib -L/lib conftest.o -lboost_thread-d-1_54 -lgomp  -lboost_system -pthread >&5
/usr/bin/ld: cannot find -lboost_thread-d-1_54
collect2: error: ld returned 1 exit status
configure:18021: $? = 1
configure:18006: re-using the existing conftest.o
configure:18012: g++ -o conftest -g -O2 -std=c++0x -DSTD_CPP_0X  -pthread   -L/usr/local/lib -Wl,-R/usr/local/lib -L/lib64 conftest.o -lboost_thread-d-1_54 -lgomp  -lboost_system -pthread >&5
/usr/bin/ld: cannot find -lboost_thread-d-1_54
collect2: error: ld returned 1 exit status
configure:18021: $? = 1
configure:18006: re-using the existing conftest.o
configure:18012: g++ -o conftest -g -O2 -std=c++0x -DSTD_CPP_0X  -pthread   -L/usr/local/lib -Wl,-R/usr/local/lib -L/usr/local/lib conftest.o -lboost_thread-mt -lgomp  -lboost_system -pthread >&5
/usr/bin/ld: cannot find -lboost_thread-mt
collect2: error: ld returned 1 exit status
configure:18021: $? = 1
configure:18006: re-using the existing conftest.o
configure:18012: g++ -o conftest -g -O2 -std=c++0x -DSTD_CPP_0X  -pthread   -L/usr/local/lib -Wl,-R/usr/local/lib -L/usr/lib conftest.o -lboost_thread-mt -lgomp  -lboost_system -pthread >&5
/usr/bin/ld: cannot find -lboost_thread-mt
collect2: error: ld returned 1 exit status
configure:18021: $? = 1
configure:18006: re-using the existing conftest.o
configure:18012: g++ -o conftest -g -O2 -std=c++0x -DSTD_CPP_0X  -pthread   -L/usr/local/lib -Wl,-R/usr/local/lib -L/lib conftest.o -lboost_thread-mt -lgomp  -lboost_system -pthread >&5
/usr/bin/ld: cannot find -lboost_thread-mt
collect2: error: ld returned 1 exit status
configure:18021: $? = 1
configure:18006: re-using the existing conftest.o
configure:18012: g++ -o conftest -g -O2 -std=c++0x -DSTD_CPP_0X  -pthread   -L/usr/local/lib -Wl,-R/usr/local/lib -L/lib64 conftest.o -lboost_thread-mt -lgomp  -lboost_system -pthread >&5
/usr/bin/ld: cannot find -lboost_thread-mt
collect2: error: ld returned 1 exit status
configure:18021: $? = 1
configure:18006: re-using the existing conftest.o
configure:18012: g++ -o conftest -g -O2 -std=c++0x -DSTD_CPP_0X  -pthread   -L/usr/local/lib -Wl,-R/usr/local/lib -L/usr/local/lib conftest.o -lboost_thread -lgomp  -lboost_system -pthread >&5
configure:18021: $? = 0
configure:18061: result: yes
configure:18100: checking for icu-config
configure:18118: found /usr/bin/icu-config
configure:18131: result: /usr/bin/icu-config
configure:18147: checking for ICU >= 52
configure:18151: result: yes
configure:18155: checking ICU_CFLAGS
configure:18158: result: -g -O2 -fstack-protector --param=ssp-buffer-size=4 -Wformat -Werror=format-security -Wall -std=c99 -Wall -pedantic -Wshadow -Wpointer-arith -Wmissing-prototypes -Wwrite-strings    
configure:18161: checking ICU_CXXFLAGS
configure:18164: result: -g -O2 -fstack-protector --param=ssp-buffer-size=4 -Wformat -Werror=format-security -Wall -W -Wall -pedantic -Wpointer-arith -Wwrite-strings -Wno-long-long --std=c++0x    
configure:18167: checking ICU_LIBS
configure:18170: result: -Wl,-Bsymbolic-functions -Wl,-z,relro  -ldl -lm   -L/usr/lib/x86_64-linux-gnu -licui18n -licuuc -licudata  -ldl -lm   
configure:18187: result: yes
configure:18212: checking for javac
configure:18230: found /usr/bin/javac
configure:18243: result: /usr/bin/javac
configure:18258: checking symlink for /usr/bin/javac
configure:18266: result: /etc/alternatives/javac
configure:18258: checking symlink for /etc/alternatives/javac
configure:18266: result: /usr/lib/jvm/java-7-openjdk-amd64/bin/javac
configure:18284: _JTOPDIR=/usr/lib/jvm/java-7-openjdk-amd64/bin
configure:18285: _JINC=/usr/lib/jvm/java-7-openjdk-amd64/bin/include
configure:18291: checking for /usr/lib/jvm/java-7-openjdk-amd64/bin/include/jni.h
configure:18305: result: no
configure:18312: checking for /usr/lib/jvm/java-7-openjdk-amd64/include/jni.h
configure:18326: result: yes
configure:18373: checking for python
configure:18391: found /usr/bin/python
configure:18403: result: /usr/bin/python
configure:18419: checking for a version of Python >= '2.1.0'
configure:18445: result: yes
configure:18453: checking for a version of Python >= '2.7.0'
configure:18459: result: yes
configure:18476: checking for the distutils Python package
configure:18480: result: yes
configure:18494: checking for Python include path
configure:18510: result: -I/usr/include/python2.7
configure:18517: checking for Python library path
configure:18594: result: -L/usr/lib -lpython2.7
configure:18601: checking for Python site-packages path
configure:18607: result: /usr/lib/python2.7/dist-packages
configure:18614: checking python extra libraries
configure:18621: result: -lpthread -ldl  -lutil -lm
configure:18628: checking python extra linking flags
configure:18635: result: -Xlinker -export-dynamic -Wl,-O1 -Wl,-Bsymbolic-functions
configure:18642: checking consistency of all components of python development environment
configure:18668: gcc -o conftest -g -O2  -I/usr/lib/jvm/java-7-openjdk-amd64/include -I/usr/lib/jvm/java-7-openjdk-amd64/include/linux -I/usr/include/python2.7  conftest.c -lgomp  -L/usr/lib -lpython2.7 -Xlinker -export-dynamic -Wl,-O1 -Wl,-Bsymbolic-functions -lpthread -ldl  -lutil -lm >&5
configure:18668: $? = 0
configure:18685: result: yes
configure:18714: checking for ant
configure:18730: found /usr/bin/ant
configure:18742: result: ant
configure:18755: checking for /usr/share/java/icu4j.jar
configure:18768: result: yes
configure:18783: checking for /usr/share/java/swt.jar
configure:18796: result: yes
configure:18811: checking for /usr/share/java/trove.jar
configure:18824: result: yes
configure:18839: checking for /usr/lib/jni/libswt-cairo-gtk-3836.so
configure:18852: result: yes
configure:18977: checking that generated files are newer than configure
configure:18983: result: done
configure:19010: creating ./config.status

## ---------------------- ##
## Running config.status. ##
## ---------------------- ##

This file was extended by ccfinderx config.status 10.2.8, which was
generated by GNU Autoconf 2.69.  Invocation command line was

  CONFIG_FILES    = 
  CONFIG_HEADERS  = 
  CONFIG_LINKS    = 
  CONFIG_COMMANDS = 
  $ ./config.status 

on ct4ew

config.status:1201: creating Makefile
config.status:1201: creating config.h
config.status:1415: executing depfiles commands
config.status:1415: executing libtool commands

## ---------------- ##
## Cache variables. ##
## ---------------- ##

ac_cv_build=x86_64-unknown-linux-gnu
ac_cv_c_compiler_gnu=yes
ac_cv_c_const=yes
ac_cv_c_inline=inline
ac_cv_c_restrict=__restrict
ac_cv_c_volatile=yes
ac_cv_cxx_compiler_gnu=yes
ac_cv_env_BOOST_ROOT_set=
ac_cv_env_BOOST_ROOT_value=
ac_cv_env_CCC_set=
ac_cv_env_CCC_value=
ac_cv_env_CC_set=
ac_cv_env_CC_value=
ac_cv_env_CFLAGS_set=
ac_cv_env_CFLAGS_value=
ac_cv_env_CPPFLAGS_set=
ac_cv_env_CPPFLAGS_value=
ac_cv_env_CPP_set=
ac_cv_env_CPP_value=
ac_cv_env_CXXCPP_set=
ac_cv_env_CXXCPP_value=
ac_cv_env_CXXFLAGS_set=
ac_cv_env_CXXFLAGS_value=
ac_cv_env_CXX_set=
ac_cv_env_CXX_value=
ac_cv_env_LDFLAGS_set=
ac_cv_env_LDFLAGS_value=
ac_cv_env_LIBS_set=
ac_cv_env_LIBS_value=
ac_cv_env_PYTHON_VERSION_set=
ac_cv_env_PYTHON_VERSION_value=
ac_cv_env_build_alias_set=
ac_cv_env_build_alias_value=
ac_cv_env_host_alias_set=
ac_cv_env_host_alias_value=
ac_cv_env_target_alias_set=
ac_cv_env_target_alias_value=
ac_cv_file__usr_lib_jni_libswt_cairo_gtk_3836_so=yes
ac_cv_file__usr_lib_jvm_java_7_openjdk_amd64_bin_include_jni_h=no
ac_cv_file__usr_lib_jvm_java_7_openjdk_amd64_include_jni_h=yes
ac_cv_file__usr_share_java_icu4j_jar=yes
ac_cv_file__usr_share_java_swt_jar=yes
ac_cv_file__usr_share_java_trove_jar=yes
ac_cv_func_fork=yes
ac_cv_func_fork_works=yes
ac_cv_func_lstat_dereferences_slashed_symlink=yes
ac_cv_func_malloc_0_nonnull=yes
ac_cv_func_rmdir=yes
ac_cv_func_stat_empty_string_bug=no
ac_cv_func_strcasecmp=yes
ac_cv_func_strchr=yes
ac_cv_func_strdup=yes
ac_cv_func_strerror=yes
ac_cv_func_vfork=yes
ac_cv_func_vfork_works=yes
ac_cv_header_boost_system_error_code_hpp=yes
ac_cv_header_boost_thread_hpp=yes
ac_cv_header_dlfcn_h=yes
ac_cv_header_inttypes_h=yes
ac_cv_header_memory_h=yes
ac_cv_header_stdbool_h=yes
ac_cv_header_stdc=yes
ac_cv_header_stddef_h=yes
ac_cv_header_stdint_h=yes
ac_cv_header_stdlib_h=yes
ac_cv_header_string_h=yes
ac_cv_header_strings_h=yes
ac_cv_header_sys_stat_h=yes
ac_cv_header_sys_types_h=yes
ac_cv_header_sys_wait_h=yes
ac_cv_header_unistd_h=yes
ac_cv_header_vfork_h=no
ac_cv_host=x86_64-unknown-linux-gnu
ac_cv_lib_gomp_omp_get_num_threads=yes
ac_cv_objext=o
ac_cv_path_EGREP='/bin/grep -E'
ac_cv_path_FGREP='/bin/grep -F'
ac_cv_path_GREP=/bin/grep
ac_cv_path_ICU_CONFIG=/usr/bin/icu-config
ac_cv_path_PYTHON=/usr/bin/python
ac_cv_path_SED=/bin/sed
ac_cv_path__ACJNI_JAVAC=/usr/bin/javac
ac_cv_path_install='/usr/bin/install -c'
ac_cv_path_mkdir=/bin/mkdir
ac_cv_prog_ANT=ant
ac_cv_prog_AWK=gawk
ac_cv_prog_CPP='gcc -E'
ac_cv_prog_CXXCPP='g++ -E'
ac_cv_prog_ac_ct_AR=ar
ac_cv_prog_ac_ct_CC=gcc
ac_cv_prog_ac_ct_CXX=g++
ac_cv_prog_ac_ct_MANIFEST_TOOL=mt
ac_cv_prog_ac_ct_OBJDUMP=objdump
ac_cv_prog_ac_ct_RANLIB=ranlib
ac_cv_prog_ac_ct_STRIP=strip
ac_cv_prog_c_openmp=-fopenmp
ac_cv_prog_cc_c89=
ac_cv_prog_cc_g=yes
ac_cv_prog_cxx_g=yes
ac_cv_prog_make_make_set=yes
ac_cv_type__Bool=yes
ac_cv_type_pid_t=yes
ac_cv_type_ptrdiff_t=yes
ac_cv_type_size_t=yes
am_cv_CC_dependencies_compiler_type=gcc3
am_cv_CXX_dependencies_compiler_type=gcc3
am_cv_ar_interface=ar
am_cv_make_support_nested_variables=yes
am_cv_prog_cc_c_o=yes
am_cv_prog_tar_pax=gnutar
ax_cv_check_cflags___std_cpp0x=yes
boost_cv_inc_path=yes
boost_cv_lib_system=yes
boost_cv_lib_system_LDFLAGS='-L/usr/local/lib -Wl,-R/usr/local/lib'
boost_cv_lib_system_LDPATH=/usr/local/lib
boost_cv_lib_system_LIBS=-lboost_system
boost_cv_lib_tag='gcc48 -gcc'
boost_cv_lib_thread=yes
boost_cv_lib_thread_LDFLAGS='-L/usr/local/lib -Wl,-R/usr/local/lib'
boost_cv_lib_thread_LDPATH=/usr/local/lib
boost_cv_lib_thread_LIBS=-lboost_thread
boost_cv_lib_version=1_54
boost_cv_pthread_flag=-pthread
lt_cv_ar_at_file=@
lt_cv_archive_cmds_need_lc=no
lt_cv_deplibs_check_method=pass_all
lt_cv_file_magic_cmd='$MAGIC_CMD'
lt_cv_file_magic_test_file=
lt_cv_ld_reload_flag=-r
lt_cv_nm_interface='BSD nm'
lt_cv_objdir=.libs
lt_cv_path_LD=/usr/bin/ld
lt_cv_path_LDCXX='/usr/bin/ld -m elf_x86_64'
lt_cv_path_NM='/usr/bin/nm -B'
lt_cv_path_mainfest_tool=no
lt_cv_prog_compiler_c_o=yes
lt_cv_prog_compiler_c_o_CXX=yes
lt_cv_prog_compiler_pic='-fPIC -DPIC'
lt_cv_prog_compiler_pic_CXX='-fPIC -DPIC'
lt_cv_prog_compiler_pic_works=yes
lt_cv_prog_compiler_pic_works_CXX=yes
lt_cv_prog_compiler_rtti_exceptions=no
lt_cv_prog_compiler_static_works=yes
lt_cv_prog_compiler_static_works_CXX=yes
lt_cv_prog_gnu_ld=yes
lt_cv_prog_gnu_ldcxx=yes
lt_cv_sharedlib_from_linklib_cmd='printf %s\n'
lt_cv_shlibpath_overrides_runpath=no
lt_cv_sys_global_symbol_pipe='sed -n -e '\''s/^.*[	 ]\([ABCDGIRSTW][ABCDGIRSTW]*\)[	 ][	 ]*\([_A-Za-z][_A-Za-z0-9]*\)$/\1 \2 \2/p'\'' | sed '\''/ __gnu_lto/d'\'''
lt_cv_sys_global_symbol_to_c_name_address='sed -n -e '\''s/^: \([^ ]*\)[ ]*$/  {\"\1\", (void *) 0},/p'\'' -e '\''s/^[ABCDGIRSTW]* \([^ ]*\) \([^ ]*\)$/  {"\2", (void *) \&\2},/p'\'''
lt_cv_sys_global_symbol_to_c_name_address_lib_prefix='sed -n -e '\''s/^: \([^ ]*\)[ ]*$/  {\"\1\", (void *) 0},/p'\'' -e '\''s/^[ABCDGIRSTW]* \([^ ]*\) \(lib[^ ]*\)$/  {"\2", (void *) \&\2},/p'\'' -e '\''s/^[ABCDGIRSTW]* \([^ ]*\) \([^ ]*\)$/  {"lib\2", (void *) \&\2},/p'\'''
lt_cv_sys_global_symbol_to_cdecl='sed -n -e '\''s/^T .* \(.*\)$/extern int \1();/p'\'' -e '\''s/^[ABCDGIRSTW]* .* \(.*\)$/extern char \1;/p'\'''
lt_cv_sys_max_cmd_len=1572864
lt_cv_to_host_file_cmd=func_convert_file_noop
lt_cv_to_tool_file_cmd=func_convert_file_noop

## ----------------- ##
## Output variables. ##
## ----------------- ##

ACLOCAL='${SHELL} /home/ct4ew/ccfinderx/missing aclocal-1.14'
AMDEPBACKSLASH='\'
AMDEP_FALSE='#'
AMDEP_TRUE=''
AMTAR='$${TAR-tar}'
AM_BACKSLASH='\'
AM_DEFAULT_V='$(AM_DEFAULT_VERBOSITY)'
AM_DEFAULT_VERBOSITY='1'
AM_V='$(V)'
ANT='ant'
AR='ar'
AUTOCONF='${SHELL} /home/ct4ew/ccfinderx/missing autoconf'
AUTOHEADER='${SHELL} /home/ct4ew/ccfinderx/missing autoheader'
AUTOMAKE='${SHELL} /home/ct4ew/ccfinderx/missing automake-1.14'
AWK='gawk'
BOOST_CPPFLAGS=' -pthread'
BOOST_LDPATH='/usr/local/lib'
BOOST_ROOT=''
BOOST_SYSTEM_LDFLAGS='-L/usr/local/lib -Wl,-R/usr/local/lib'
BOOST_SYSTEM_LDPATH='/usr/local/lib'
BOOST_SYSTEM_LIBS='-lboost_system'
BOOST_THREAD_LDFLAGS='-L/usr/local/lib -Wl,-R/usr/local/lib'
BOOST_THREAD_LDPATH='/usr/local/lib'
BOOST_THREAD_LIBS='-lboost_thread -lboost_system -pthread'
BOOST_THREAD_WIN32_LDFLAGS=''
BOOST_THREAD_WIN32_LDPATH=''
BOOST_THREAD_WIN32_LIBS=''
CC='gcc'
CCDEPMODE='depmode=gcc3'
CFLAGS='-g -O2'
CPP='gcc -E'
CPPFLAGS=' -I/usr/lib/jvm/java-7-openjdk-amd64/include -I/usr/lib/jvm/java-7-openjdk-amd64/include/linux'
CXX='g++'
CXXCPP='g++ -E'
CXXDEPMODE='depmode=gcc3'
CXXFLAGS='-g -O2 -std=c++0x -DSTD_CPP_0X'
CYGPATH_W='echo'
DEFS='-DHAVE_CONFIG_H'
DEPDIR='.deps'
DISTCHECK_CONFIGURE_FLAGS=' '\''--with-boost='\'''
DLLTOOL='false'
DSYMUTIL=''
DUMPBIN=''
ECHO_C=''
ECHO_N='-n'
ECHO_T=''
EGREP='/bin/grep -E'
EXEEXT=''
FGREP='/bin/grep -F'
GREP='/bin/grep'
ICU_CFLAGS='-g -O2 -fstack-protector --param=ssp-buffer-size=4 -Wformat -Werror=format-security -Wall -std=c99 -Wall -pedantic -Wshadow -Wpointer-arith -Wmissing-prototypes -Wwrite-strings    '
ICU_CONFIG='/usr/bin/icu-config'
ICU_CXXFLAGS='-g -O2 -fstack-protector --param=ssp-buffer-size=4 -Wformat -Werror=format-security -Wall -W -Wall -pedantic -Wpointer-arith -Wwrite-strings -Wno-long-long --std=c++0x    '
ICU_LIBS='-Wl,-Bsymbolic-functions -Wl,-z,relro  -ldl -lm   -L/usr/lib/x86_64-linux-gnu -licui18n -licuuc -licudata  -ldl -lm   '
INSTALL_DATA='${INSTALL} -m 644'
INSTALL_PROGRAM='${INSTALL}'
INSTALL_SCRIPT='${INSTALL}'
INSTALL_STRIP_PROGRAM='$(install_sh) -c -s'
LD='/usr/bin/ld -m elf_x86_64'
LDFLAGS=''
LIBOBJS=''
LIBS='-lgomp '
LIBTOOL='$(SHELL) $(top_builddir)/libtool'
LIPO=''
LN_S='ln -s'
LTLIBOBJS=''
MAKEINFO='${SHELL} /home/ct4ew/ccfinderx/missing makeinfo'
MANIFEST_TOOL=':'
MKDIR_P='/bin/mkdir -p'
NM='/usr/bin/nm -B'
NMEDIT=''
OBJDUMP='objdump'
OBJEXT='o'
OPENMP_CFLAGS='-fopenmp'
OTOOL64=''
OTOOL=''
PACKAGE='ccfinderx'
PACKAGE_BUGREPORT='radekg1000@gmail.com'
PACKAGE_NAME='ccfinderx'
PACKAGE_STRING='ccfinderx 10.2.8'
PACKAGE_TARNAME='ccfinderx'
PACKAGE_URL=''
PACKAGE_VERSION='10.2.8'
PATH_SEPARATOR=':'
PYTHON='/usr/bin/python'
PYTHON_CPPFLAGS='-I/usr/include/python2.7'
PYTHON_EXTRA_LDFLAGS='-Xlinker -export-dynamic -Wl,-O1 -Wl,-Bsymbolic-functions'
PYTHON_EXTRA_LIBS='-lpthread -ldl  -lutil -lm'
PYTHON_LDFLAGS='-L/usr/lib -lpython2.7'
PYTHON_SITE_PKG='/usr/lib/python2.7/dist-packages'
PYTHON_VERSION=''
RANLIB='ranlib'
SED='/bin/sed'
SET_MAKE=''
SHELL='/bin/bash'
STRIP='strip'
VERSION='10.2.8'
_ACJNI_JAVAC='/usr/bin/javac'
ac_ct_AR='ar'
ac_ct_CC='gcc'
ac_ct_CXX='g++'
ac_ct_DUMPBIN=''
am__EXEEXT_FALSE=''
am__EXEEXT_TRUE='#'
am__fastdepCC_FALSE='#'
am__fastdepCC_TRUE=''
am__fastdepCXX_FALSE='#'
am__fastdepCXX_TRUE=''
am__include='include'
am__isrc=' -I$(srcdir)'
am__leading_dot='.'
am__nodep='_no'
am__quote=''
am__tar='tar --format=posix -chf - "$$tardir"'
am__untar='tar -xf -'
bindir='${exec_prefix}/bin'
build='x86_64-unknown-linux-gnu'
build_alias=''
build_cpu='x86_64'
build_os='linux-gnu'
build_vendor='unknown'
datadir='${datarootdir}'
datarootdir='${prefix}/share'
docdir='${datarootdir}/doc/${PACKAGE_TARNAME}'
dvidir='${docdir}'
exec_prefix='${prefix}'
host='x86_64-unknown-linux-gnu'
host_alias=''
host_cpu='x86_64'
host_os='linux-gnu'
host_vendor='unknown'
htmldir='${docdir}'
includedir='${prefix}/include'
infodir='${datarootdir}/info'
install_sh='${SHELL} /home/ct4ew/ccfinderx/install-sh'
libdir='${exec_prefix}/lib'
libexecdir='${exec_prefix}/libexec'
localedir='${datarootdir}/locale'
localstatedir='${prefix}/var'
mandir='${datarootdir}/man'
mkdir_p='$(MKDIR_P)'
oldincludedir='/usr/include'
pdfdir='${docdir}'
prefix='/usr/local'
program_transform_name='s,x,x,'
psdir='${docdir}'
sbindir='${exec_prefix}/sbin'
sharedstatedir='${prefix}/com'
sysconfdir='${prefix}/etc'
target_alias=''

## ----------- ##
## confdefs.h. ##
## ----------- ##

/* confdefs.h */
#define PACKAGE_NAME "ccfinderx"
#define PACKAGE_TARNAME "ccfinderx"
#define PACKAGE_VERSION "10.2.8"
#define PACKAGE_STRING "ccfinderx 10.2.8"
#define PACKAGE_BUGREPORT "radekg1000@gmail.com"
#define PACKAGE_URL ""
#define PACKAGE "ccfinderx"
#define VERSION "10.2.8"
#define STDC_HEADERS 1
#define HAVE_SYS_TYPES_H 1
#define HAVE_SYS_STAT_H 1
#define HAVE_STDLIB_H 1
#define HAVE_STRING_H 1
#define HAVE_MEMORY_H 1
#define HAVE_STRINGS_H 1
#define HAVE_INTTYPES_H 1
#define HAVE_STDINT_H 1
#define HAVE_UNISTD_H 1
#define HAVE_DLFCN_H 1
#define LT_OBJDIR ".libs/"
#define HAVE_LIBGOMP 1
#define STDC_HEADERS 1
#define HAVE_SYS_WAIT_H 1
#define HAVE_STDDEF_H 1
#define HAVE_STDLIB_H 1
#define HAVE_STRING_H 1
#define HAVE_STRINGS_H 1
#define HAVE_UNISTD_H 1
#define HAVE__BOOL 1
#define HAVE_STDBOOL_H 1
#define restrict __restrict
#define HAVE_PTRDIFF_T 1
#define HAVE_FORK 1
#define HAVE_VFORK 1
#define HAVE_WORKING_VFORK 1
#define HAVE_WORKING_FORK 1
#define HAVE_STDLIB_H 1
#define HAVE_MALLOC 1
#define LSTAT_FOLLOWS_SLASHED_SYMLINK 1
#define HAVE_RMDIR 1
#define HAVE_STRCASECMP 1
#define HAVE_STRCHR 1
#define HAVE_STRDUP 1
#define HAVE_STRERROR 1
#define HAVE_BOOST 1
#define HAVE_BOOST_SYSTEM_ERROR_CODE_HPP 1
#define HAVE_BOOST_SYSTEM_ERROR_CODE_HPP 1
#define HAVE_BOOST_THREAD_HPP 1
#define HAVE_PYTHON "2.7"

configure: exit 0
